have_func: checking for rb_absint_size()... -------------------- no

DYLD_FALLBACK_LIBRARY_PATH=.:/Users/Naotake627/.rbenv/versions/3.1.2/lib "clang -o conftest -I/Users/Naotake627/.rbenv/versions/3.1.2/include/ruby-3.1.0/arm64-darwin21 -I/Users/Naotake627/.rbenv/versions/3.1.2/include/ruby-3.1.0/ruby/backward -I/Users/Naotake627/.rbenv/versions/3.1.2/include/ruby-3.1.0 -I. -I/Users/Naotake627/.rbenv/versions/3.1.2/include  -D_XOPEN_SOURCE -D_DARWIN_C_SOURCE -D_DARWIN_UNLIMITED_SELECT -D_REENTRANT   -fdeclspec -O3 -fno-fast-math -ggdb3 -Wall -Wextra -Wdeprecated-declarations -Wdivision-by-zero -Wimplicit-function-declaration -Wimplicit-int -Wmisleading-indentation -Wpointer-arith -Wshorten-64-to-32 -Wwrite-strings -Wold-style-definition -Wmissing-noreturn -Wno-cast-function-type -Wno-constant-logical-operand -Wno-long-long -Wno-missing-field-initializers -Wno-overlength-strings -Wno-parentheses-equality -Wno-self-assign -Wno-tautological-compare -Wno-unused-parameter -Wno-unused-value -Wunused-variable -Wextra-tokens -Wundef  -fno-common -pipe conftest.c  -L. -L/Users/Naotake627/.rbenv/versions/3.1.2/lib -L. -L/Users/Naotake627/.rbenv/versions/3.1.2/lib  -fstack-protector-strong -L/usr/local/lib     -lruby.3.1   "
ld: warning: ignoring file /Users/Naotake627/.rbenv/versions/3.1.2/lib/libruby.3.1.dylib, building for macOS-x86_64 but attempting to link with file built for macOS-arm64
checked program was:
/* begin */
1: #include "ruby.h"
2: 
3: int main(int argc, char **argv)
4: {
5:   return !!argv[argc];
6: }
/* end */

DYLD_FALLBACK_LIBRARY_PATH=.:/Users/Naotake627/.rbenv/versions/3.1.2/lib "clang -o conftest -I/Users/Naotake627/.rbenv/versions/3.1.2/include/ruby-3.1.0/arm64-darwin21 -I/Users/Naotake627/.rbenv/versions/3.1.2/include/ruby-3.1.0/ruby/backward -I/Users/Naotake627/.rbenv/versions/3.1.2/include/ruby-3.1.0 -I. -I/Users/Naotake627/.rbenv/versions/3.1.2/include  -D_XOPEN_SOURCE -D_DARWIN_C_SOURCE -D_DARWIN_UNLIMITED_SELECT -D_REENTRANT   -fdeclspec -O3 -fno-fast-math -ggdb3 -Wall -Wextra -Wdeprecated-declarations -Wdivision-by-zero -Wimplicit-function-declaration -Wimplicit-int -Wmisleading-indentation -Wpointer-arith -Wshorten-64-to-32 -Wwrite-strings -Wold-style-definition -Wmissing-noreturn -Wno-cast-function-type -Wno-constant-logical-operand -Wno-long-long -Wno-missing-field-initializers -Wno-overlength-strings -Wno-parentheses-equality -Wno-self-assign -Wno-tautological-compare -Wno-unused-parameter -Wno-unused-value -Wunused-variable -Wextra-tokens -Wundef  -fno-common -pipe conftest.c  -L. -L/Users/Naotake627/.rbenv/versions/3.1.2/lib -L. -L/Users/Naotake627/.rbenv/versions/3.1.2/lib  -fstack-protector-strong -L/usr/local/lib     -lruby.3.1   "
ld: warning: ignoring file /Users/Naotake627/.rbenv/versions/3.1.2/lib/libruby.3.1.dylib, building for macOS-x86_64 but attempting to link with file built for macOS-arm64
Undefined symbols for architecture x86_64:
  "_rb_absint_size", referenced from:
      _t in conftest-41a29b.o
ld: symbol(s) not found for architecture x86_64
clang: error: linker command failed with exit code 1 (use -v to see invocation)
checked program was:
/* begin */
 1: #include "ruby.h"
 2: 
 3: /*top*/
 4: extern int t(void);
 5: int main(int argc, char **argv)
 6: {
 7:   if (argc > 1000000) {
 8:     int (* volatile tp)(void)=(int (*)(void))&t;
 9:     printf("%d", (*tp)());
10:   }
11: 
12:   return !!argv[argc];
13: }
14: int t(void) { void ((*volatile p)()); p = (void ((*)()))rb_absint_size; return !p; }
/* end */

DYLD_FALLBACK_LIBRARY_PATH=.:/Users/Naotake627/.rbenv/versions/3.1.2/lib "clang -o conftest -I/Users/Naotake627/.rbenv/versions/3.1.2/include/ruby-3.1.0/arm64-darwin21 -I/Users/Naotake627/.rbenv/versions/3.1.2/include/ruby-3.1.0/ruby/backward -I/Users/Naotake627/.rbenv/versions/3.1.2/include/ruby-3.1.0 -I. -I/Users/Naotake627/.rbenv/versions/3.1.2/include  -D_XOPEN_SOURCE -D_DARWIN_C_SOURCE -D_DARWIN_UNLIMITED_SELECT -D_REENTRANT   -fdeclspec -O3 -fno-fast-math -ggdb3 -Wall -Wextra -Wdeprecated-declarations -Wdivision-by-zero -Wimplicit-function-declaration -Wimplicit-int -Wmisleading-indentation -Wpointer-arith -Wshorten-64-to-32 -Wwrite-strings -Wold-style-definition -Wmissing-noreturn -Wno-cast-function-type -Wno-constant-logical-operand -Wno-long-long -Wno-missing-field-initializers -Wno-overlength-strings -Wno-parentheses-equality -Wno-self-assign -Wno-tautological-compare -Wno-unused-parameter -Wno-unused-value -Wunused-variable -Wextra-tokens -Wundef  -fno-common -pipe conftest.c  -L. -L/Users/Naotake627/.rbenv/versions/3.1.2/lib -L. -L/Users/Naotake627/.rbenv/versions/3.1.2/lib  -fstack-protector-strong -L/usr/local/lib     -lruby.3.1   "
conftest.c:14:13: warning: a function declaration without a prototype is deprecated in all versions of C and is not supported in C2x [-Wdeprecated-non-prototype]
extern void rb_absint_size();
            ^
conftest.c:14:13: error: conflicting types for 'rb_absint_size'
/Users/Naotake627/.rbenv/versions/3.1.2/include/ruby-3.1.0/ruby/internal/intern/bignum.h:781:8: note: previous declaration is here
size_t rb_absint_size(VALUE val, int *nlz_bits_ret);
       ^
conftest.c:15:30: error: too few arguments to function call, expected 2, have 0
int t(void) { rb_absint_size(); return 0; }
              ~~~~~~~~~~~~~~ ^
/Users/Naotake627/.rbenv/versions/3.1.2/include/ruby-3.1.0/ruby/internal/intern/bignum.h:781:8: note: 'rb_absint_size' declared here
size_t rb_absint_size(VALUE val, int *nlz_bits_ret);
       ^
1 warning and 2 errors generated.
checked program was:
/* begin */
 1: #include "ruby.h"
 2: 
 3: /*top*/
 4: extern int t(void);
 5: int main(int argc, char **argv)
 6: {
 7:   if (argc > 1000000) {
 8:     int (* volatile tp)(void)=(int (*)(void))&t;
 9:     printf("%d", (*tp)());
10:   }
11: 
12:   return !!argv[argc];
13: }
14: extern void rb_absint_size();
15: int t(void) { rb_absint_size(); return 0; }
/* end */

--------------------

have_func: checking for rb_absint_singlebit_p()... -------------------- no

DYLD_FALLBACK_LIBRARY_PATH=.:/Users/Naotake627/.rbenv/versions/3.1.2/lib "clang -o conftest -I/Users/Naotake627/.rbenv/versions/3.1.2/include/ruby-3.1.0/arm64-darwin21 -I/Users/Naotake627/.rbenv/versions/3.1.2/include/ruby-3.1.0/ruby/backward -I/Users/Naotake627/.rbenv/versions/3.1.2/include/ruby-3.1.0 -I. -I/Users/Naotake627/.rbenv/versions/3.1.2/include  -D_XOPEN_SOURCE -D_DARWIN_C_SOURCE -D_DARWIN_UNLIMITED_SELECT -D_REENTRANT   -fdeclspec -O3 -fno-fast-math -ggdb3 -Wall -Wextra -Wdeprecated-declarations -Wdivision-by-zero -Wimplicit-function-declaration -Wimplicit-int -Wmisleading-indentation -Wpointer-arith -Wshorten-64-to-32 -Wwrite-strings -Wold-style-definition -Wmissing-noreturn -Wno-cast-function-type -Wno-constant-logical-operand -Wno-long-long -Wno-missing-field-initializers -Wno-overlength-strings -Wno-parentheses-equality -Wno-self-assign -Wno-tautological-compare -Wno-unused-parameter -Wno-unused-value -Wunused-variable -Wextra-tokens -Wundef  -fno-common -pipe conftest.c  -L. -L/Users/Naotake627/.rbenv/versions/3.1.2/lib -L. -L/Users/Naotake627/.rbenv/versions/3.1.2/lib  -fstack-protector-strong -L/usr/local/lib     -lruby.3.1   "
ld: warning: ignoring file /Users/Naotake627/.rbenv/versions/3.1.2/lib/libruby.3.1.dylib, building for macOS-x86_64 but attempting to link with file built for macOS-arm64
Undefined symbols for architecture x86_64:
  "_rb_absint_singlebit_p", referenced from:
      _t in conftest-75eabd.o
ld: symbol(s) not found for architecture x86_64
clang: error: linker command failed with exit code 1 (use -v to see invocation)
checked program was:
/* begin */
 1: #include "ruby.h"
 2: 
 3: /*top*/
 4: extern int t(void);
 5: int main(int argc, char **argv)
 6: {
 7:   if (argc > 1000000) {
 8:     int (* volatile tp)(void)=(int (*)(void))&t;
 9:     printf("%d", (*tp)());
10:   }
11: 
12:   return !!argv[argc];
13: }
14: int t(void) { void ((*volatile p)()); p = (void ((*)()))rb_absint_singlebit_p; return !p; }
/* end */

DYLD_FALLBACK_LIBRARY_PATH=.:/Users/Naotake627/.rbenv/versions/3.1.2/lib "clang -o conftest -I/Users/Naotake627/.rbenv/versions/3.1.2/include/ruby-3.1.0/arm64-darwin21 -I/Users/Naotake627/.rbenv/versions/3.1.2/include/ruby-3.1.0/ruby/backward -I/Users/Naotake627/.rbenv/versions/3.1.2/include/ruby-3.1.0 -I. -I/Users/Naotake627/.rbenv/versions/3.1.2/include  -D_XOPEN_SOURCE -D_DARWIN_C_SOURCE -D_DARWIN_UNLIMITED_SELECT -D_REENTRANT   -fdeclspec -O3 -fno-fast-math -ggdb3 -Wall -Wextra -Wdeprecated-declarations -Wdivision-by-zero -Wimplicit-function-declaration -Wimplicit-int -Wmisleading-indentation -Wpointer-arith -Wshorten-64-to-32 -Wwrite-strings -Wold-style-definition -Wmissing-noreturn -Wno-cast-function-type -Wno-constant-logical-operand -Wno-long-long -Wno-missing-field-initializers -Wno-overlength-strings -Wno-parentheses-equality -Wno-self-assign -Wno-tautological-compare -Wno-unused-parameter -Wno-unused-value -Wunused-variable -Wextra-tokens -Wundef  -fno-common -pipe conftest.c  -L. -L/Users/Naotake627/.rbenv/versions/3.1.2/lib -L. -L/Users/Naotake627/.rbenv/versions/3.1.2/lib  -fstack-protector-strong -L/usr/local/lib     -lruby.3.1   "
conftest.c:14:13: warning: a function declaration without a prototype is deprecated in all versions of C and is not supported in C2x [-Wdeprecated-non-prototype]
extern void rb_absint_singlebit_p();
            ^
conftest.c:14:13: error: conflicting types for 'rb_absint_singlebit_p'
/Users/Naotake627/.rbenv/versions/3.1.2/include/ruby-3.1.0/ruby/internal/intern/bignum.h:842:5: note: previous declaration is here
int rb_absint_singlebit_p(VALUE val);
    ^
conftest.c:15:37: error: too few arguments to function call, single argument 'val' was not specified
int t(void) { rb_absint_singlebit_p(); return 0; }
              ~~~~~~~~~~~~~~~~~~~~~ ^
/Users/Naotake627/.rbenv/versions/3.1.2/include/ruby-3.1.0/ruby/internal/intern/bignum.h:842:5: note: 'rb_absint_singlebit_p' declared here
int rb_absint_singlebit_p(VALUE val);
    ^
1 warning and 2 errors generated.
checked program was:
/* begin */
 1: #include "ruby.h"
 2: 
 3: /*top*/
 4: extern int t(void);
 5: int main(int argc, char **argv)
 6: {
 7:   if (argc > 1000000) {
 8:     int (* volatile tp)(void)=(int (*)(void))&t;
 9:     printf("%d", (*tp)());
10:   }
11: 
12:   return !!argv[argc];
13: }
14: extern void rb_absint_singlebit_p();
15: int t(void) { rb_absint_singlebit_p(); return 0; }
/* end */

--------------------

have_header: checking for ruby/thread.h... -------------------- yes

DYLD_FALLBACK_LIBRARY_PATH=.:/Users/Naotake627/.rbenv/versions/3.1.2/lib "clang -I/Users/Naotake627/.rbenv/versions/3.1.2/include/ruby-3.1.0/arm64-darwin21 -I/Users/Naotake627/.rbenv/versions/3.1.2/include/ruby-3.1.0/ruby/backward -I/Users/Naotake627/.rbenv/versions/3.1.2/include/ruby-3.1.0 -I. -I/Users/Naotake627/.rbenv/versions/3.1.2/include  -D_XOPEN_SOURCE -D_DARWIN_C_SOURCE -D_DARWIN_UNLIMITED_SELECT -D_REENTRANT   -fdeclspec -O3 -fno-fast-math -ggdb3 -Wall -Wextra -Wdeprecated-declarations -Wdivision-by-zero -Wimplicit-function-declaration -Wimplicit-int -Wmisleading-indentation -Wpointer-arith -Wshorten-64-to-32 -Wwrite-strings -Wold-style-definition -Wmissing-noreturn -Wno-cast-function-type -Wno-constant-logical-operand -Wno-long-long -Wno-missing-field-initializers -Wno-overlength-strings -Wno-parentheses-equality -Wno-self-assign -Wno-tautological-compare -Wno-unused-parameter -Wno-unused-value -Wunused-variable -Wextra-tokens -Wundef  -fno-common -pipe   -c conftest.c"
checked program was:
/* begin */
1: #include "ruby.h"
2: 
3: #include <ruby/thread.h>
/* end */

--------------------

have_func: checking for rb_thread_call_without_gvl() in ruby/thread.h... -------------------- no

DYLD_FALLBACK_LIBRARY_PATH=.:/Users/Naotake627/.rbenv/versions/3.1.2/lib "clang -o conftest -I/Users/Naotake627/.rbenv/versions/3.1.2/include/ruby-3.1.0/arm64-darwin21 -I/Users/Naotake627/.rbenv/versions/3.1.2/include/ruby-3.1.0/ruby/backward -I/Users/Naotake627/.rbenv/versions/3.1.2/include/ruby-3.1.0 -I. -I/Users/Naotake627/.rbenv/versions/3.1.2/include  -D_XOPEN_SOURCE -D_DARWIN_C_SOURCE -D_DARWIN_UNLIMITED_SELECT -D_REENTRANT   -fdeclspec -O3 -fno-fast-math -ggdb3 -Wall -Wextra -Wdeprecated-declarations -Wdivision-by-zero -Wimplicit-function-declaration -Wimplicit-int -Wmisleading-indentation -Wpointer-arith -Wshorten-64-to-32 -Wwrite-strings -Wold-style-definition -Wmissing-noreturn -Wno-cast-function-type -Wno-constant-logical-operand -Wno-long-long -Wno-missing-field-initializers -Wno-overlength-strings -Wno-parentheses-equality -Wno-self-assign -Wno-tautological-compare -Wno-unused-parameter -Wno-unused-value -Wunused-variable -Wextra-tokens -Wundef  -fno-common -pipe conftest.c  -L. -L/Users/Naotake627/.rbenv/versions/3.1.2/lib -L. -L/Users/Naotake627/.rbenv/versions/3.1.2/lib  -fstack-protector-strong -L/usr/local/lib     -lruby.3.1   "
ld: warning: ignoring file /Users/Naotake627/.rbenv/versions/3.1.2/lib/libruby.3.1.dylib, building for macOS-x86_64 but attempting to link with file built for macOS-arm64
Undefined symbols for architecture x86_64:
  "_rb_thread_call_without_gvl", referenced from:
      _t in conftest-6420e0.o
ld: symbol(s) not found for architecture x86_64
clang: error: linker command failed with exit code 1 (use -v to see invocation)
checked program was:
/* begin */
 1: #include "ruby.h"
 2: 
 3: #include <ruby/thread.h>
 4: 
 5: /*top*/
 6: extern int t(void);
 7: int main(int argc, char **argv)
 8: {
 9:   if (argc > 1000000) {
10:     int (* volatile tp)(void)=(int (*)(void))&t;
11:     printf("%d", (*tp)());
12:   }
13: 
14:   return !!argv[argc];
15: }
16: int t(void) { void ((*volatile p)()); p = (void ((*)()))rb_thread_call_without_gvl; return !p; }
/* end */

DYLD_FALLBACK_LIBRARY_PATH=.:/Users/Naotake627/.rbenv/versions/3.1.2/lib "clang -o conftest -I/Users/Naotake627/.rbenv/versions/3.1.2/include/ruby-3.1.0/arm64-darwin21 -I/Users/Naotake627/.rbenv/versions/3.1.2/include/ruby-3.1.0/ruby/backward -I/Users/Naotake627/.rbenv/versions/3.1.2/include/ruby-3.1.0 -I. -I/Users/Naotake627/.rbenv/versions/3.1.2/include  -D_XOPEN_SOURCE -D_DARWIN_C_SOURCE -D_DARWIN_UNLIMITED_SELECT -D_REENTRANT   -fdeclspec -O3 -fno-fast-math -ggdb3 -Wall -Wextra -Wdeprecated-declarations -Wdivision-by-zero -Wimplicit-function-declaration -Wimplicit-int -Wmisleading-indentation -Wpointer-arith -Wshorten-64-to-32 -Wwrite-strings -Wold-style-definition -Wmissing-noreturn -Wno-cast-function-type -Wno-constant-logical-operand -Wno-long-long -Wno-missing-field-initializers -Wno-overlength-strings -Wno-parentheses-equality -Wno-self-assign -Wno-tautological-compare -Wno-unused-parameter -Wno-unused-value -Wunused-variable -Wextra-tokens -Wundef  -fno-common -pipe conftest.c  -L. -L/Users/Naotake627/.rbenv/versions/3.1.2/lib -L. -L/Users/Naotake627/.rbenv/versions/3.1.2/lib  -fstack-protector-strong -L/usr/local/lib     -lruby.3.1   "
conftest.c:16:13: warning: a function declaration without a prototype is deprecated in all versions of C and is not supported in C2x [-Wdeprecated-non-prototype]
extern void rb_thread_call_without_gvl();
            ^
conftest.c:16:13: error: conflicting types for 'rb_thread_call_without_gvl'
/Users/Naotake627/.rbenv/versions/3.1.2/include/ruby-3.1.0/ruby/thread.h:130:7: note: previous declaration is here
void *rb_thread_call_without_gvl(void *(*func)(void *), void *data1,
      ^
conftest.c:17:42: error: too few arguments to function call, expected 4, have 0
int t(void) { rb_thread_call_without_gvl(); return 0; }
              ~~~~~~~~~~~~~~~~~~~~~~~~~~ ^
/Users/Naotake627/.rbenv/versions/3.1.2/include/ruby-3.1.0/ruby/thread.h:130:7: note: 'rb_thread_call_without_gvl' declared here
void *rb_thread_call_without_gvl(void *(*func)(void *), void *data1,
      ^
1 warning and 2 errors generated.
checked program was:
/* begin */
 1: #include "ruby.h"
 2: 
 3: #include <ruby/thread.h>
 4: 
 5: /*top*/
 6: extern int t(void);
 7: int main(int argc, char **argv)
 8: {
 9:   if (argc > 1000000) {
10:     int (* volatile tp)(void)=(int (*)(void))&t;
11:     printf("%d", (*tp)());
12:   }
13: 
14:   return !!argv[argc];
15: }
16: extern void rb_thread_call_without_gvl();
17: int t(void) { rb_thread_call_without_gvl(); return 0; }
/* end */

--------------------

have_func: checking for rb_thread_blocking_region()... -------------------- no

DYLD_FALLBACK_LIBRARY_PATH=.:/Users/Naotake627/.rbenv/versions/3.1.2/lib "clang -o conftest -I/Users/Naotake627/.rbenv/versions/3.1.2/include/ruby-3.1.0/arm64-darwin21 -I/Users/Naotake627/.rbenv/versions/3.1.2/include/ruby-3.1.0/ruby/backward -I/Users/Naotake627/.rbenv/versions/3.1.2/include/ruby-3.1.0 -I. -I/Users/Naotake627/.rbenv/versions/3.1.2/include  -D_XOPEN_SOURCE -D_DARWIN_C_SOURCE -D_DARWIN_UNLIMITED_SELECT -D_REENTRANT   -fdeclspec -O3 -fno-fast-math -ggdb3 -Wall -Wextra -Wdeprecated-declarations -Wdivision-by-zero -Wimplicit-function-declaration -Wimplicit-int -Wmisleading-indentation -Wpointer-arith -Wshorten-64-to-32 -Wwrite-strings -Wold-style-definition -Wmissing-noreturn -Wno-cast-function-type -Wno-constant-logical-operand -Wno-long-long -Wno-missing-field-initializers -Wno-overlength-strings -Wno-parentheses-equality -Wno-self-assign -Wno-tautological-compare -Wno-unused-parameter -Wno-unused-value -Wunused-variable -Wextra-tokens -Wundef  -fno-common -pipe conftest.c  -L. -L/Users/Naotake627/.rbenv/versions/3.1.2/lib -L. -L/Users/Naotake627/.rbenv/versions/3.1.2/lib  -fstack-protector-strong -L/usr/local/lib     -lruby.3.1   "
conftest.c:14:57: error: use of undeclared identifier 'rb_thread_blocking_region'
int t(void) { void ((*volatile p)()); p = (void ((*)()))rb_thread_blocking_region; return !p; }
                                                        ^
1 error generated.
checked program was:
/* begin */
 1: #include "ruby.h"
 2: 
 3: /*top*/
 4: extern int t(void);
 5: int main(int argc, char **argv)
 6: {
 7:   if (argc > 1000000) {
 8:     int (* volatile tp)(void)=(int (*)(void))&t;
 9:     printf("%d", (*tp)());
10:   }
11: 
12:   return !!argv[argc];
13: }
14: int t(void) { void ((*volatile p)()); p = (void ((*)()))rb_thread_blocking_region; return !p; }
/* end */

DYLD_FALLBACK_LIBRARY_PATH=.:/Users/Naotake627/.rbenv/versions/3.1.2/lib "clang -o conftest -I/Users/Naotake627/.rbenv/versions/3.1.2/include/ruby-3.1.0/arm64-darwin21 -I/Users/Naotake627/.rbenv/versions/3.1.2/include/ruby-3.1.0/ruby/backward -I/Users/Naotake627/.rbenv/versions/3.1.2/include/ruby-3.1.0 -I. -I/Users/Naotake627/.rbenv/versions/3.1.2/include  -D_XOPEN_SOURCE -D_DARWIN_C_SOURCE -D_DARWIN_UNLIMITED_SELECT -D_REENTRANT   -fdeclspec -O3 -fno-fast-math -ggdb3 -Wall -Wextra -Wdeprecated-declarations -Wdivision-by-zero -Wimplicit-function-declaration -Wimplicit-int -Wmisleading-indentation -Wpointer-arith -Wshorten-64-to-32 -Wwrite-strings -Wold-style-definition -Wmissing-noreturn -Wno-cast-function-type -Wno-constant-logical-operand -Wno-long-long -Wno-missing-field-initializers -Wno-overlength-strings -Wno-parentheses-equality -Wno-self-assign -Wno-tautological-compare -Wno-unused-parameter -Wno-unused-value -Wunused-variable -Wextra-tokens -Wundef  -fno-common -pipe conftest.c  -L. -L/Users/Naotake627/.rbenv/versions/3.1.2/lib -L. -L/Users/Naotake627/.rbenv/versions/3.1.2/lib  -fstack-protector-strong -L/usr/local/lib     -lruby.3.1   "
ld: warning: ignoring file /Users/Naotake627/.rbenv/versions/3.1.2/lib/libruby.3.1.dylib, building for macOS-x86_64 but attempting to link with file built for macOS-arm64
Undefined symbols for architecture x86_64:
  "_rb_thread_blocking_region", referenced from:
      _t in conftest-6191d1.o
ld: symbol(s) not found for architecture x86_64
clang: error: linker command failed with exit code 1 (use -v to see invocation)
checked program was:
/* begin */
 1: #include "ruby.h"
 2: 
 3: /*top*/
 4: extern int t(void);
 5: int main(int argc, char **argv)
 6: {
 7:   if (argc > 1000000) {
 8:     int (* volatile tp)(void)=(int (*)(void))&t;
 9:     printf("%d", (*tp)());
10:   }
11: 
12:   return !!argv[argc];
13: }
14: extern void rb_thread_blocking_region();
15: int t(void) { rb_thread_blocking_region(); return 0; }
/* end */

--------------------

have_func: checking for rb_wait_for_single_fd()... -------------------- no

DYLD_FALLBACK_LIBRARY_PATH=.:/Users/Naotake627/.rbenv/versions/3.1.2/lib "clang -o conftest -I/Users/Naotake627/.rbenv/versions/3.1.2/include/ruby-3.1.0/arm64-darwin21 -I/Users/Naotake627/.rbenv/versions/3.1.2/include/ruby-3.1.0/ruby/backward -I/Users/Naotake627/.rbenv/versions/3.1.2/include/ruby-3.1.0 -I. -I/Users/Naotake627/.rbenv/versions/3.1.2/include  -D_XOPEN_SOURCE -D_DARWIN_C_SOURCE -D_DARWIN_UNLIMITED_SELECT -D_REENTRANT   -fdeclspec -O3 -fno-fast-math -ggdb3 -Wall -Wextra -Wdeprecated-declarations -Wdivision-by-zero -Wimplicit-function-declaration -Wimplicit-int -Wmisleading-indentation -Wpointer-arith -Wshorten-64-to-32 -Wwrite-strings -Wold-style-definition -Wmissing-noreturn -Wno-cast-function-type -Wno-constant-logical-operand -Wno-long-long -Wno-missing-field-initializers -Wno-overlength-strings -Wno-parentheses-equality -Wno-self-assign -Wno-tautological-compare -Wno-unused-parameter -Wno-unused-value -Wunused-variable -Wextra-tokens -Wundef  -fno-common -pipe conftest.c  -L. -L/Users/Naotake627/.rbenv/versions/3.1.2/lib -L. -L/Users/Naotake627/.rbenv/versions/3.1.2/lib  -fstack-protector-strong -L/usr/local/lib     -lruby.3.1   "
conftest.c:14:57: error: use of undeclared identifier 'rb_wait_for_single_fd'
int t(void) { void ((*volatile p)()); p = (void ((*)()))rb_wait_for_single_fd; return !p; }
                                                        ^
1 error generated.
checked program was:
/* begin */
 1: #include "ruby.h"
 2: 
 3: /*top*/
 4: extern int t(void);
 5: int main(int argc, char **argv)
 6: {
 7:   if (argc > 1000000) {
 8:     int (* volatile tp)(void)=(int (*)(void))&t;
 9:     printf("%d", (*tp)());
10:   }
11: 
12:   return !!argv[argc];
13: }
14: int t(void) { void ((*volatile p)()); p = (void ((*)()))rb_wait_for_single_fd; return !p; }
/* end */

DYLD_FALLBACK_LIBRARY_PATH=.:/Users/Naotake627/.rbenv/versions/3.1.2/lib "clang -o conftest -I/Users/Naotake627/.rbenv/versions/3.1.2/include/ruby-3.1.0/arm64-darwin21 -I/Users/Naotake627/.rbenv/versions/3.1.2/include/ruby-3.1.0/ruby/backward -I/Users/Naotake627/.rbenv/versions/3.1.2/include/ruby-3.1.0 -I. -I/Users/Naotake627/.rbenv/versions/3.1.2/include  -D_XOPEN_SOURCE -D_DARWIN_C_SOURCE -D_DARWIN_UNLIMITED_SELECT -D_REENTRANT   -fdeclspec -O3 -fno-fast-math -ggdb3 -Wall -Wextra -Wdeprecated-declarations -Wdivision-by-zero -Wimplicit-function-declaration -Wimplicit-int -Wmisleading-indentation -Wpointer-arith -Wshorten-64-to-32 -Wwrite-strings -Wold-style-definition -Wmissing-noreturn -Wno-cast-function-type -Wno-constant-logical-operand -Wno-long-long -Wno-missing-field-initializers -Wno-overlength-strings -Wno-parentheses-equality -Wno-self-assign -Wno-tautological-compare -Wno-unused-parameter -Wno-unused-value -Wunused-variable -Wextra-tokens -Wundef  -fno-common -pipe conftest.c  -L. -L/Users/Naotake627/.rbenv/versions/3.1.2/lib -L. -L/Users/Naotake627/.rbenv/versions/3.1.2/lib  -fstack-protector-strong -L/usr/local/lib     -lruby.3.1   "
ld: warning: ignoring file /Users/Naotake627/.rbenv/versions/3.1.2/lib/libruby.3.1.dylib, building for macOS-x86_64 but attempting to link with file built for macOS-arm64
Undefined symbols for architecture x86_64:
  "_rb_wait_for_single_fd", referenced from:
      _t in conftest-efe57f.o
ld: symbol(s) not found for architecture x86_64
clang: error: linker command failed with exit code 1 (use -v to see invocation)
checked program was:
/* begin */
 1: #include "ruby.h"
 2: 
 3: /*top*/
 4: extern int t(void);
 5: int main(int argc, char **argv)
 6: {
 7:   if (argc > 1000000) {
 8:     int (* volatile tp)(void)=(int (*)(void))&t;
 9:     printf("%d", (*tp)());
10:   }
11: 
12:   return !!argv[argc];
13: }
14: extern void rb_wait_for_single_fd();
15: int t(void) { rb_wait_for_single_fd(); return 0; }
/* end */

--------------------

have_func: checking for rb_hash_dup()... -------------------- no

DYLD_FALLBACK_LIBRARY_PATH=.:/Users/Naotake627/.rbenv/versions/3.1.2/lib "clang -o conftest -I/Users/Naotake627/.rbenv/versions/3.1.2/include/ruby-3.1.0/arm64-darwin21 -I/Users/Naotake627/.rbenv/versions/3.1.2/include/ruby-3.1.0/ruby/backward -I/Users/Naotake627/.rbenv/versions/3.1.2/include/ruby-3.1.0 -I. -I/Users/Naotake627/.rbenv/versions/3.1.2/include  -D_XOPEN_SOURCE -D_DARWIN_C_SOURCE -D_DARWIN_UNLIMITED_SELECT -D_REENTRANT   -fdeclspec -O3 -fno-fast-math -ggdb3 -Wall -Wextra -Wdeprecated-declarations -Wdivision-by-zero -Wimplicit-function-declaration -Wimplicit-int -Wmisleading-indentation -Wpointer-arith -Wshorten-64-to-32 -Wwrite-strings -Wold-style-definition -Wmissing-noreturn -Wno-cast-function-type -Wno-constant-logical-operand -Wno-long-long -Wno-missing-field-initializers -Wno-overlength-strings -Wno-parentheses-equality -Wno-self-assign -Wno-tautological-compare -Wno-unused-parameter -Wno-unused-value -Wunused-variable -Wextra-tokens -Wundef  -fno-common -pipe conftest.c  -L. -L/Users/Naotake627/.rbenv/versions/3.1.2/lib -L. -L/Users/Naotake627/.rbenv/versions/3.1.2/lib  -fstack-protector-strong -L/usr/local/lib     -lruby.3.1   "
ld: warning: ignoring file /Users/Naotake627/.rbenv/versions/3.1.2/lib/libruby.3.1.dylib, building for macOS-x86_64 but attempting to link with file built for macOS-arm64
Undefined symbols for architecture x86_64:
  "_rb_hash_dup", referenced from:
      _t in conftest-d19b51.o
ld: symbol(s) not found for architecture x86_64
clang: error: linker command failed with exit code 1 (use -v to see invocation)
checked program was:
/* begin */
 1: #include "ruby.h"
 2: 
 3: /*top*/
 4: extern int t(void);
 5: int main(int argc, char **argv)
 6: {
 7:   if (argc > 1000000) {
 8:     int (* volatile tp)(void)=(int (*)(void))&t;
 9:     printf("%d", (*tp)());
10:   }
11: 
12:   return !!argv[argc];
13: }
14: int t(void) { void ((*volatile p)()); p = (void ((*)()))rb_hash_dup; return !p; }
/* end */

DYLD_FALLBACK_LIBRARY_PATH=.:/Users/Naotake627/.rbenv/versions/3.1.2/lib "clang -o conftest -I/Users/Naotake627/.rbenv/versions/3.1.2/include/ruby-3.1.0/arm64-darwin21 -I/Users/Naotake627/.rbenv/versions/3.1.2/include/ruby-3.1.0/ruby/backward -I/Users/Naotake627/.rbenv/versions/3.1.2/include/ruby-3.1.0 -I. -I/Users/Naotake627/.rbenv/versions/3.1.2/include  -D_XOPEN_SOURCE -D_DARWIN_C_SOURCE -D_DARWIN_UNLIMITED_SELECT -D_REENTRANT   -fdeclspec -O3 -fno-fast-math -ggdb3 -Wall -Wextra -Wdeprecated-declarations -Wdivision-by-zero -Wimplicit-function-declaration -Wimplicit-int -Wmisleading-indentation -Wpointer-arith -Wshorten-64-to-32 -Wwrite-strings -Wold-style-definition -Wmissing-noreturn -Wno-cast-function-type -Wno-constant-logical-operand -Wno-long-long -Wno-missing-field-initializers -Wno-overlength-strings -Wno-parentheses-equality -Wno-self-assign -Wno-tautological-compare -Wno-unused-parameter -Wno-unused-value -Wunused-variable -Wextra-tokens -Wundef  -fno-common -pipe conftest.c  -L. -L/Users/Naotake627/.rbenv/versions/3.1.2/lib -L. -L/Users/Naotake627/.rbenv/versions/3.1.2/lib  -fstack-protector-strong -L/usr/local/lib     -lruby.3.1   "
conftest.c:14:13: warning: a function declaration without a prototype is deprecated in all versions of C and is not supported in C2x [-Wdeprecated-non-prototype]
extern void rb_hash_dup();
            ^
conftest.c:14:13: error: conflicting types for 'rb_hash_dup'
/Users/Naotake627/.rbenv/versions/3.1.2/include/ruby-3.1.0/ruby/internal/intern/hash.h:116:7: note: previous declaration is here
VALUE rb_hash_dup(VALUE hash);
      ^
conftest.c:15:27: error: too few arguments to function call, single argument 'hash' was not specified
int t(void) { rb_hash_dup(); return 0; }
              ~~~~~~~~~~~ ^
/Users/Naotake627/.rbenv/versions/3.1.2/include/ruby-3.1.0/ruby/internal/intern/hash.h:116:7: note: 'rb_hash_dup' declared here
VALUE rb_hash_dup(VALUE hash);
      ^
1 warning and 2 errors generated.
checked program was:
/* begin */
 1: #include "ruby.h"
 2: 
 3: /*top*/
 4: extern int t(void);
 5: int main(int argc, char **argv)
 6: {
 7:   if (argc > 1000000) {
 8:     int (* volatile tp)(void)=(int (*)(void))&t;
 9:     printf("%d", (*tp)());
10:   }
11: 
12:   return !!argv[argc];
13: }
14: extern void rb_hash_dup();
15: int t(void) { rb_hash_dup(); return 0; }
/* end */

--------------------

have_func: checking for rb_intern3()... -------------------- no

DYLD_FALLBACK_LIBRARY_PATH=.:/Users/Naotake627/.rbenv/versions/3.1.2/lib "clang -o conftest -I/Users/Naotake627/.rbenv/versions/3.1.2/include/ruby-3.1.0/arm64-darwin21 -I/Users/Naotake627/.rbenv/versions/3.1.2/include/ruby-3.1.0/ruby/backward -I/Users/Naotake627/.rbenv/versions/3.1.2/include/ruby-3.1.0 -I. -I/Users/Naotake627/.rbenv/versions/3.1.2/include  -D_XOPEN_SOURCE -D_DARWIN_C_SOURCE -D_DARWIN_UNLIMITED_SELECT -D_REENTRANT   -fdeclspec -O3 -fno-fast-math -ggdb3 -Wall -Wextra -Wdeprecated-declarations -Wdivision-by-zero -Wimplicit-function-declaration -Wimplicit-int -Wmisleading-indentation -Wpointer-arith -Wshorten-64-to-32 -Wwrite-strings -Wold-style-definition -Wmissing-noreturn -Wno-cast-function-type -Wno-constant-logical-operand -Wno-long-long -Wno-missing-field-initializers -Wno-overlength-strings -Wno-parentheses-equality -Wno-self-assign -Wno-tautological-compare -Wno-unused-parameter -Wno-unused-value -Wunused-variable -Wextra-tokens -Wundef  -fno-common -pipe conftest.c  -L. -L/Users/Naotake627/.rbenv/versions/3.1.2/lib -L. -L/Users/Naotake627/.rbenv/versions/3.1.2/lib  -fstack-protector-strong -L/usr/local/lib     -lruby.3.1   "
conftest.c:14:57: error: use of undeclared identifier 'rb_intern3'
int t(void) { void ((*volatile p)()); p = (void ((*)()))rb_intern3; return !p; }
                                                        ^
1 error generated.
checked program was:
/* begin */
 1: #include "ruby.h"
 2: 
 3: /*top*/
 4: extern int t(void);
 5: int main(int argc, char **argv)
 6: {
 7:   if (argc > 1000000) {
 8:     int (* volatile tp)(void)=(int (*)(void))&t;
 9:     printf("%d", (*tp)());
10:   }
11: 
12:   return !!argv[argc];
13: }
14: int t(void) { void ((*volatile p)()); p = (void ((*)()))rb_intern3; return !p; }
/* end */

DYLD_FALLBACK_LIBRARY_PATH=.:/Users/Naotake627/.rbenv/versions/3.1.2/lib "clang -o conftest -I/Users/Naotake627/.rbenv/versions/3.1.2/include/ruby-3.1.0/arm64-darwin21 -I/Users/Naotake627/.rbenv/versions/3.1.2/include/ruby-3.1.0/ruby/backward -I/Users/Naotake627/.rbenv/versions/3.1.2/include/ruby-3.1.0 -I. -I/Users/Naotake627/.rbenv/versions/3.1.2/include  -D_XOPEN_SOURCE -D_DARWIN_C_SOURCE -D_DARWIN_UNLIMITED_SELECT -D_REENTRANT   -fdeclspec -O3 -fno-fast-math -ggdb3 -Wall -Wextra -Wdeprecated-declarations -Wdivision-by-zero -Wimplicit-function-declaration -Wimplicit-int -Wmisleading-indentation -Wpointer-arith -Wshorten-64-to-32 -Wwrite-strings -Wold-style-definition -Wmissing-noreturn -Wno-cast-function-type -Wno-constant-logical-operand -Wno-long-long -Wno-missing-field-initializers -Wno-overlength-strings -Wno-parentheses-equality -Wno-self-assign -Wno-tautological-compare -Wno-unused-parameter -Wno-unused-value -Wunused-variable -Wextra-tokens -Wundef  -fno-common -pipe conftest.c  -L. -L/Users/Naotake627/.rbenv/versions/3.1.2/lib -L. -L/Users/Naotake627/.rbenv/versions/3.1.2/lib  -fstack-protector-strong -L/usr/local/lib     -lruby.3.1   "
ld: warning: ignoring file /Users/Naotake627/.rbenv/versions/3.1.2/lib/libruby.3.1.dylib, building for macOS-x86_64 but attempting to link with file built for macOS-arm64
Undefined symbols for architecture x86_64:
  "_rb_intern3", referenced from:
      _t in conftest-d594bc.o
ld: symbol(s) not found for architecture x86_64
clang: error: linker command failed with exit code 1 (use -v to see invocation)
checked program was:
/* begin */
 1: #include "ruby.h"
 2: 
 3: /*top*/
 4: extern int t(void);
 5: int main(int argc, char **argv)
 6: {
 7:   if (argc > 1000000) {
 8:     int (* volatile tp)(void)=(int (*)(void))&t;
 9:     printf("%d", (*tp)());
10:   }
11: 
12:   return !!argv[argc];
13: }
14: extern void rb_intern3();
15: int t(void) { rb_intern3(); return 0; }
/* end */

--------------------

have_func: checking for rb_big_cmp()... -------------------- no

DYLD_FALLBACK_LIBRARY_PATH=.:/Users/Naotake627/.rbenv/versions/3.1.2/lib "clang -o conftest -I/Users/Naotake627/.rbenv/versions/3.1.2/include/ruby-3.1.0/arm64-darwin21 -I/Users/Naotake627/.rbenv/versions/3.1.2/include/ruby-3.1.0/ruby/backward -I/Users/Naotake627/.rbenv/versions/3.1.2/include/ruby-3.1.0 -I. -I/Users/Naotake627/.rbenv/versions/3.1.2/include  -D_XOPEN_SOURCE -D_DARWIN_C_SOURCE -D_DARWIN_UNLIMITED_SELECT -D_REENTRANT   -fdeclspec -O3 -fno-fast-math -ggdb3 -Wall -Wextra -Wdeprecated-declarations -Wdivision-by-zero -Wimplicit-function-declaration -Wimplicit-int -Wmisleading-indentation -Wpointer-arith -Wshorten-64-to-32 -Wwrite-strings -Wold-style-definition -Wmissing-noreturn -Wno-cast-function-type -Wno-constant-logical-operand -Wno-long-long -Wno-missing-field-initializers -Wno-overlength-strings -Wno-parentheses-equality -Wno-self-assign -Wno-tautological-compare -Wno-unused-parameter -Wno-unused-value -Wunused-variable -Wextra-tokens -Wundef  -fno-common -pipe conftest.c  -L. -L/Users/Naotake627/.rbenv/versions/3.1.2/lib -L. -L/Users/Naotake627/.rbenv/versions/3.1.2/lib  -fstack-protector-strong -L/usr/local/lib     -lruby.3.1   "
ld: warning: ignoring file /Users/Naotake627/.rbenv/versions/3.1.2/lib/libruby.3.1.dylib, building for macOS-x86_64 but attempting to link with file built for macOS-arm64
Undefined symbols for architecture x86_64:
  "_rb_big_cmp", referenced from:
      _t in conftest-68147b.o
ld: symbol(s) not found for architecture x86_64
clang: error: linker command failed with exit code 1 (use -v to see invocation)
checked program was:
/* begin */
 1: #include "ruby.h"
 2: 
 3: /*top*/
 4: extern int t(void);
 5: int main(int argc, char **argv)
 6: {
 7:   if (argc > 1000000) {
 8:     int (* volatile tp)(void)=(int (*)(void))&t;
 9:     printf("%d", (*tp)());
10:   }
11: 
12:   return !!argv[argc];
13: }
14: int t(void) { void ((*volatile p)()); p = (void ((*)()))rb_big_cmp; return !p; }
/* end */

DYLD_FALLBACK_LIBRARY_PATH=.:/Users/Naotake627/.rbenv/versions/3.1.2/lib "clang -o conftest -I/Users/Naotake627/.rbenv/versions/3.1.2/include/ruby-3.1.0/arm64-darwin21 -I/Users/Naotake627/.rbenv/versions/3.1.2/include/ruby-3.1.0/ruby/backward -I/Users/Naotake627/.rbenv/versions/3.1.2/include/ruby-3.1.0 -I. -I/Users/Naotake627/.rbenv/versions/3.1.2/include  -D_XOPEN_SOURCE -D_DARWIN_C_SOURCE -D_DARWIN_UNLIMITED_SELECT -D_REENTRANT   -fdeclspec -O3 -fno-fast-math -ggdb3 -Wall -Wextra -Wdeprecated-declarations -Wdivision-by-zero -Wimplicit-function-declaration -Wimplicit-int -Wmisleading-indentation -Wpointer-arith -Wshorten-64-to-32 -Wwrite-strings -Wold-style-definition -Wmissing-noreturn -Wno-cast-function-type -Wno-constant-logical-operand -Wno-long-long -Wno-missing-field-initializers -Wno-overlength-strings -Wno-parentheses-equality -Wno-self-assign -Wno-tautological-compare -Wno-unused-parameter -Wno-unused-value -Wunused-variable -Wextra-tokens -Wundef  -fno-common -pipe conftest.c  -L. -L/Users/Naotake627/.rbenv/versions/3.1.2/lib -L. -L/Users/Naotake627/.rbenv/versions/3.1.2/lib  -fstack-protector-strong -L/usr/local/lib     -lruby.3.1   "
conftest.c:14:13: warning: a function declaration without a prototype is deprecated in all versions of C and is not supported in C2x [-Wdeprecated-non-prototype]
extern void rb_big_cmp();
            ^
conftest.c:14:13: error: conflicting types for 'rb_big_cmp'
/Users/Naotake627/.rbenv/versions/3.1.2/include/ruby-3.1.0/ruby/internal/intern/bignum.h:351:7: note: previous declaration is here
VALUE rb_big_cmp(VALUE lhs, VALUE rhs);
      ^
conftest.c:15:26: error: too few arguments to function call, expected 2, have 0
int t(void) { rb_big_cmp(); return 0; }
              ~~~~~~~~~~ ^
/Users/Naotake627/.rbenv/versions/3.1.2/include/ruby-3.1.0/ruby/internal/intern/bignum.h:351:7: note: 'rb_big_cmp' declared here
VALUE rb_big_cmp(VALUE lhs, VALUE rhs);
      ^
1 warning and 2 errors generated.
checked program was:
/* begin */
 1: #include "ruby.h"
 2: 
 3: /*top*/
 4: extern int t(void);
 5: int main(int argc, char **argv)
 6: {
 7:   if (argc > 1000000) {
 8:     int (* volatile tp)(void)=(int (*)(void))&t;
 9:     printf("%d", (*tp)());
10:   }
11: 
12:   return !!argv[argc];
13: }
14: extern void rb_big_cmp();
15: int t(void) { rb_big_cmp(); return 0; }
/* end */

--------------------

have_header: checking for mysql.h... -------------------- yes

DYLD_FALLBACK_LIBRARY_PATH=.:/Users/Naotake627/.rbenv/versions/3.1.2/lib "clang -I/Users/Naotake627/.rbenv/versions/3.1.2/include/ruby-3.1.0/arm64-darwin21 -I/Users/Naotake627/.rbenv/versions/3.1.2/include/ruby-3.1.0/ruby/backward -I/Users/Naotake627/.rbenv/versions/3.1.2/include/ruby-3.1.0 -I. -I/opt/homebrew/Cellar/mysql/8.0.30/include/mysql -I/Users/Naotake627/.rbenv/versions/3.1.2/include  -D_XOPEN_SOURCE -D_DARWIN_C_SOURCE -D_DARWIN_UNLIMITED_SELECT -D_REENTRANT   -fdeclspec -O3 -fno-fast-math -ggdb3 -Wall -Wextra -Wdeprecated-declarations -Wdivision-by-zero -Wimplicit-function-declaration -Wimplicit-int -Wmisleading-indentation -Wpointer-arith -Wshorten-64-to-32 -Wwrite-strings -Wold-style-definition -Wmissing-noreturn -Wno-cast-function-type -Wno-constant-logical-operand -Wno-long-long -Wno-missing-field-initializers -Wno-overlength-strings -Wno-parentheses-equality -Wno-self-assign -Wno-tautological-compare -Wno-unused-parameter -Wno-unused-value -Wunused-variable -Wextra-tokens -Wundef  -fno-common -pipe   -c conftest.c"
checked program was:
/* begin */
1: #include "ruby.h"
2: 
3: #include <mysql.h>
/* end */

--------------------

have_header: checking for errmsg.h... -------------------- yes

DYLD_FALLBACK_LIBRARY_PATH=.:/Users/Naotake627/.rbenv/versions/3.1.2/lib "clang -I/Users/Naotake627/.rbenv/versions/3.1.2/include/ruby-3.1.0/arm64-darwin21 -I/Users/Naotake627/.rbenv/versions/3.1.2/include/ruby-3.1.0/ruby/backward -I/Users/Naotake627/.rbenv/versions/3.1.2/include/ruby-3.1.0 -I. -I/opt/homebrew/Cellar/mysql/8.0.30/include/mysql -I/Users/Naotake627/.rbenv/versions/3.1.2/include  -D_XOPEN_SOURCE -D_DARWIN_C_SOURCE -D_DARWIN_UNLIMITED_SELECT -D_REENTRANT   -fdeclspec -O3 -fno-fast-math -ggdb3 -Wall -Wextra -Wdeprecated-declarations -Wdivision-by-zero -Wimplicit-function-declaration -Wimplicit-int -Wmisleading-indentation -Wpointer-arith -Wshorten-64-to-32 -Wwrite-strings -Wold-style-definition -Wmissing-noreturn -Wno-cast-function-type -Wno-constant-logical-operand -Wno-long-long -Wno-missing-field-initializers -Wno-overlength-strings -Wno-parentheses-equality -Wno-self-assign -Wno-tautological-compare -Wno-unused-parameter -Wno-unused-value -Wunused-variable -Wextra-tokens -Wundef  -fno-common -pipe   -c conftest.c"
checked program was:
/* begin */
1: #include "ruby.h"
2: 
3: #include <errmsg.h>
/* end */

--------------------

have_const: checking for SSL_MODE_DISABLED in mysql.h... -------------------- yes

DYLD_FALLBACK_LIBRARY_PATH=.:/Users/Naotake627/.rbenv/versions/3.1.2/lib "clang -I/Users/Naotake627/.rbenv/versions/3.1.2/include/ruby-3.1.0/arm64-darwin21 -I/Users/Naotake627/.rbenv/versions/3.1.2/include/ruby-3.1.0/ruby/backward -I/Users/Naotake627/.rbenv/versions/3.1.2/include/ruby-3.1.0 -I. -I/opt/homebrew/Cellar/mysql/8.0.30/include/mysql -I/Users/Naotake627/.rbenv/versions/3.1.2/include  -D_XOPEN_SOURCE -D_DARWIN_C_SOURCE -D_DARWIN_UNLIMITED_SELECT -D_REENTRANT   -fdeclspec -O3 -fno-fast-math -ggdb3 -Wall -Wextra -Wdeprecated-declarations -Wdivision-by-zero -Wimplicit-function-declaration -Wimplicit-int -Wmisleading-indentation -Wpointer-arith -Wshorten-64-to-32 -Wwrite-strings -Wold-style-definition -Wmissing-noreturn -Wno-cast-function-type -Wno-constant-logical-operand -Wno-long-long -Wno-missing-field-initializers -Wno-overlength-strings -Wno-parentheses-equality -Wno-self-assign -Wno-tautological-compare -Wno-unused-parameter -Wno-unused-value -Wunused-variable -Wextra-tokens -Wundef  -fno-common -pipe   -c conftest.c"
checked program was:
/* begin */
1: #include "ruby.h"
2: 
3: #include <mysql.h>
4: 
5: /*top*/
6: typedef int conftest_type;
7: conftest_type conftestval = (int)SSL_MODE_DISABLED;
/* end */

--------------------

have_const: checking for SSL_MODE_PREFERRED in mysql.h... -------------------- yes

DYLD_FALLBACK_LIBRARY_PATH=.:/Users/Naotake627/.rbenv/versions/3.1.2/lib "clang -I/Users/Naotake627/.rbenv/versions/3.1.2/include/ruby-3.1.0/arm64-darwin21 -I/Users/Naotake627/.rbenv/versions/3.1.2/include/ruby-3.1.0/ruby/backward -I/Users/Naotake627/.rbenv/versions/3.1.2/include/ruby-3.1.0 -I. -I/opt/homebrew/Cellar/mysql/8.0.30/include/mysql -I/Users/Naotake627/.rbenv/versions/3.1.2/include  -D_XOPEN_SOURCE -D_DARWIN_C_SOURCE -D_DARWIN_UNLIMITED_SELECT -D_REENTRANT   -fdeclspec -O3 -fno-fast-math -ggdb3 -Wall -Wextra -Wdeprecated-declarations -Wdivision-by-zero -Wimplicit-function-declaration -Wimplicit-int -Wmisleading-indentation -Wpointer-arith -Wshorten-64-to-32 -Wwrite-strings -Wold-style-definition -Wmissing-noreturn -Wno-cast-function-type -Wno-constant-logical-operand -Wno-long-long -Wno-missing-field-initializers -Wno-overlength-strings -Wno-parentheses-equality -Wno-self-assign -Wno-tautological-compare -Wno-unused-parameter -Wno-unused-value -Wunused-variable -Wextra-tokens -Wundef  -fno-common -pipe   -c conftest.c"
checked program was:
/* begin */
1: #include "ruby.h"
2: 
3: #include <mysql.h>
4: 
5: /*top*/
6: typedef int conftest_type;
7: conftest_type conftestval = (int)SSL_MODE_PREFERRED;
/* end */

--------------------

have_const: checking for SSL_MODE_REQUIRED in mysql.h... -------------------- yes

DYLD_FALLBACK_LIBRARY_PATH=.:/Users/Naotake627/.rbenv/versions/3.1.2/lib "clang -I/Users/Naotake627/.rbenv/versions/3.1.2/include/ruby-3.1.0/arm64-darwin21 -I/Users/Naotake627/.rbenv/versions/3.1.2/include/ruby-3.1.0/ruby/backward -I/Users/Naotake627/.rbenv/versions/3.1.2/include/ruby-3.1.0 -I. -I/opt/homebrew/Cellar/mysql/8.0.30/include/mysql -I/Users/Naotake627/.rbenv/versions/3.1.2/include  -D_XOPEN_SOURCE -D_DARWIN_C_SOURCE -D_DARWIN_UNLIMITED_SELECT -D_REENTRANT   -fdeclspec -O3 -fno-fast-math -ggdb3 -Wall -Wextra -Wdeprecated-declarations -Wdivision-by-zero -Wimplicit-function-declaration -Wimplicit-int -Wmisleading-indentation -Wpointer-arith -Wshorten-64-to-32 -Wwrite-strings -Wold-style-definition -Wmissing-noreturn -Wno-cast-function-type -Wno-constant-logical-operand -Wno-long-long -Wno-missing-field-initializers -Wno-overlength-strings -Wno-parentheses-equality -Wno-self-assign -Wno-tautological-compare -Wno-unused-parameter -Wno-unused-value -Wunused-variable -Wextra-tokens -Wundef  -fno-common -pipe   -c conftest.c"
checked program was:
/* begin */
1: #include "ruby.h"
2: 
3: #include <mysql.h>
4: 
5: /*top*/
6: typedef int conftest_type;
7: conftest_type conftestval = (int)SSL_MODE_REQUIRED;
/* end */

--------------------

have_const: checking for SSL_MODE_VERIFY_CA in mysql.h... -------------------- yes

DYLD_FALLBACK_LIBRARY_PATH=.:/Users/Naotake627/.rbenv/versions/3.1.2/lib "clang -I/Users/Naotake627/.rbenv/versions/3.1.2/include/ruby-3.1.0/arm64-darwin21 -I/Users/Naotake627/.rbenv/versions/3.1.2/include/ruby-3.1.0/ruby/backward -I/Users/Naotake627/.rbenv/versions/3.1.2/include/ruby-3.1.0 -I. -I/opt/homebrew/Cellar/mysql/8.0.30/include/mysql -I/Users/Naotake627/.rbenv/versions/3.1.2/include  -D_XOPEN_SOURCE -D_DARWIN_C_SOURCE -D_DARWIN_UNLIMITED_SELECT -D_REENTRANT   -fdeclspec -O3 -fno-fast-math -ggdb3 -Wall -Wextra -Wdeprecated-declarations -Wdivision-by-zero -Wimplicit-function-declaration -Wimplicit-int -Wmisleading-indentation -Wpointer-arith -Wshorten-64-to-32 -Wwrite-strings -Wold-style-definition -Wmissing-noreturn -Wno-cast-function-type -Wno-constant-logical-operand -Wno-long-long -Wno-missing-field-initializers -Wno-overlength-strings -Wno-parentheses-equality -Wno-self-assign -Wno-tautological-compare -Wno-unused-parameter -Wno-unused-value -Wunused-variable -Wextra-tokens -Wundef  -fno-common -pipe   -c conftest.c"
checked program was:
/* begin */
1: #include "ruby.h"
2: 
3: #include <mysql.h>
4: 
5: /*top*/
6: typedef int conftest_type;
7: conftest_type conftestval = (int)SSL_MODE_VERIFY_CA;
/* end */

--------------------

have_const: checking for SSL_MODE_VERIFY_IDENTITY in mysql.h... -------------------- yes

DYLD_FALLBACK_LIBRARY_PATH=.:/Users/Naotake627/.rbenv/versions/3.1.2/lib "clang -I/Users/Naotake627/.rbenv/versions/3.1.2/include/ruby-3.1.0/arm64-darwin21 -I/Users/Naotake627/.rbenv/versions/3.1.2/include/ruby-3.1.0/ruby/backward -I/Users/Naotake627/.rbenv/versions/3.1.2/include/ruby-3.1.0 -I. -I/opt/homebrew/Cellar/mysql/8.0.30/include/mysql -I/Users/Naotake627/.rbenv/versions/3.1.2/include  -D_XOPEN_SOURCE -D_DARWIN_C_SOURCE -D_DARWIN_UNLIMITED_SELECT -D_REENTRANT   -fdeclspec -O3 -fno-fast-math -ggdb3 -Wall -Wextra -Wdeprecated-declarations -Wdivision-by-zero -Wimplicit-function-declaration -Wimplicit-int -Wmisleading-indentation -Wpointer-arith -Wshorten-64-to-32 -Wwrite-strings -Wold-style-definition -Wmissing-noreturn -Wno-cast-function-type -Wno-constant-logical-operand -Wno-long-long -Wno-missing-field-initializers -Wno-overlength-strings -Wno-parentheses-equality -Wno-self-assign -Wno-tautological-compare -Wno-unused-parameter -Wno-unused-value -Wunused-variable -Wextra-tokens -Wundef  -fno-common -pipe   -c conftest.c"
checked program was:
/* begin */
1: #include "ruby.h"
2: 
3: #include <mysql.h>
4: 
5: /*top*/
6: typedef int conftest_type;
7: conftest_type conftestval = (int)SSL_MODE_VERIFY_IDENTITY;
/* end */

--------------------

have_struct_member: checking for MYSQL.net.vio in mysql.h... -------------------- yes

DYLD_FALLBACK_LIBRARY_PATH=.:/Users/Naotake627/.rbenv/versions/3.1.2/lib "clang -I/Users/Naotake627/.rbenv/versions/3.1.2/include/ruby-3.1.0/arm64-darwin21 -I/Users/Naotake627/.rbenv/versions/3.1.2/include/ruby-3.1.0/ruby/backward -I/Users/Naotake627/.rbenv/versions/3.1.2/include/ruby-3.1.0 -I. -I/opt/homebrew/Cellar/mysql/8.0.30/include/mysql -I/Users/Naotake627/.rbenv/versions/3.1.2/include  -D_XOPEN_SOURCE -D_DARWIN_C_SOURCE -D_DARWIN_UNLIMITED_SELECT -D_REENTRANT   -fdeclspec -O3 -fno-fast-math -ggdb3 -Wall -Wextra -Wdeprecated-declarations -Wdivision-by-zero -Wimplicit-function-declaration -Wimplicit-int -Wmisleading-indentation -Wpointer-arith -Wshorten-64-to-32 -Wwrite-strings -Wold-style-definition -Wmissing-noreturn -Wno-cast-function-type -Wno-constant-logical-operand -Wno-long-long -Wno-missing-field-initializers -Wno-overlength-strings -Wno-parentheses-equality -Wno-self-assign -Wno-tautological-compare -Wno-unused-parameter -Wno-unused-value -Wunused-variable -Wextra-tokens -Wundef  -fno-common -pipe -DFULL_SSL_MODE_SUPPORT   -c conftest.c"
conftest.c:6:39: warning: performing pointer subtraction with a null pointer has undefined behavior [-Wnull-pointer-subtraction]
int s = (char *)&((MYSQL*)0)->net.vio - (char *)0;
                                      ^ ~~~~~~~~~
1 warning generated.
checked program was:
/* begin */
 1: #include "ruby.h"
 2: 
 3: #include <mysql.h>
 4: 
 5: /*top*/
 6: int s = (char *)&((MYSQL*)0)->net.vio - (char *)0;
 7: int main(int argc, char **argv)
 8: {
 9:   return !!argv[argc];
10: }
/* end */

--------------------

have_struct_member: checking for MYSQL.net.pvio in mysql.h... -------------------- no

DYLD_FALLBACK_LIBRARY_PATH=.:/Users/Naotake627/.rbenv/versions/3.1.2/lib "clang -I/Users/Naotake627/.rbenv/versions/3.1.2/include/ruby-3.1.0/arm64-darwin21 -I/Users/Naotake627/.rbenv/versions/3.1.2/include/ruby-3.1.0/ruby/backward -I/Users/Naotake627/.rbenv/versions/3.1.2/include/ruby-3.1.0 -I. -I/opt/homebrew/Cellar/mysql/8.0.30/include/mysql -I/Users/Naotake627/.rbenv/versions/3.1.2/include  -D_XOPEN_SOURCE -D_DARWIN_C_SOURCE -D_DARWIN_UNLIMITED_SELECT -D_REENTRANT   -fdeclspec -O3 -fno-fast-math -ggdb3 -Wall -Wextra -Wdeprecated-declarations -Wdivision-by-zero -Wimplicit-function-declaration -Wimplicit-int -Wmisleading-indentation -Wpointer-arith -Wshorten-64-to-32 -Wwrite-strings -Wold-style-definition -Wmissing-noreturn -Wno-cast-function-type -Wno-constant-logical-operand -Wno-long-long -Wno-missing-field-initializers -Wno-overlength-strings -Wno-parentheses-equality -Wno-self-assign -Wno-tautological-compare -Wno-unused-parameter -Wno-unused-value -Wunused-variable -Wextra-tokens -Wundef  -fno-common -pipe -DFULL_SSL_MODE_SUPPORT   -c conftest.c"
conftest.c:6:35: error: no member named 'pvio' in 'struct NET'; did you mean 'vio'?
int s = (char *)&((MYSQL*)0)->net.pvio - (char *)0;
                                  ^~~~
                                  vio
/opt/homebrew/Cellar/mysql/8.0.30/include/mysql/mysql_com.h:911:13: note: 'vio' declared here
  MYSQL_VIO vio;
            ^
conftest.c:6:40: warning: performing pointer subtraction with a null pointer has undefined behavior [-Wnull-pointer-subtraction]
int s = (char *)&((MYSQL*)0)->net.pvio - (char *)0;
                                       ^ ~~~~~~~~~
1 warning and 1 error generated.
checked program was:
/* begin */
 1: #include "ruby.h"
 2: 
 3: #include <mysql.h>
 4: 
 5: /*top*/
 6: int s = (char *)&((MYSQL*)0)->net.pvio - (char *)0;
 7: int main(int argc, char **argv)
 8: {
 9:   return !!argv[argc];
10: }
/* end */

--------------------

have_const: checking for MYSQL_ENABLE_CLEARTEXT_PLUGIN in mysql.h... -------------------- yes

DYLD_FALLBACK_LIBRARY_PATH=.:/Users/Naotake627/.rbenv/versions/3.1.2/lib "clang -I/Users/Naotake627/.rbenv/versions/3.1.2/include/ruby-3.1.0/arm64-darwin21 -I/Users/Naotake627/.rbenv/versions/3.1.2/include/ruby-3.1.0/ruby/backward -I/Users/Naotake627/.rbenv/versions/3.1.2/include/ruby-3.1.0 -I. -I/opt/homebrew/Cellar/mysql/8.0.30/include/mysql -I/Users/Naotake627/.rbenv/versions/3.1.2/include  -D_XOPEN_SOURCE -D_DARWIN_C_SOURCE -D_DARWIN_UNLIMITED_SELECT -D_REENTRANT   -fdeclspec -O3 -fno-fast-math -ggdb3 -Wall -Wextra -Wdeprecated-declarations -Wdivision-by-zero -Wimplicit-function-declaration -Wimplicit-int -Wmisleading-indentation -Wpointer-arith -Wshorten-64-to-32 -Wwrite-strings -Wold-style-definition -Wmissing-noreturn -Wno-cast-function-type -Wno-constant-logical-operand -Wno-long-long -Wno-missing-field-initializers -Wno-overlength-strings -Wno-parentheses-equality -Wno-self-assign -Wno-tautological-compare -Wno-unused-parameter -Wno-unused-value -Wunused-variable -Wextra-tokens -Wundef  -fno-common -pipe -DFULL_SSL_MODE_SUPPORT   -c conftest.c"
checked program was:
/* begin */
1: #include "ruby.h"
2: 
3: #include <mysql.h>
4: 
5: /*top*/
6: typedef int conftest_type;
7: conftest_type conftestval = (int)MYSQL_ENABLE_CLEARTEXT_PLUGIN;
/* end */

--------------------

DYLD_FALLBACK_LIBRARY_PATH=.:/Users/Naotake627/.rbenv/versions/3.1.2/lib "clang -o conftest -I/Users/Naotake627/.rbenv/versions/3.1.2/include/ruby-3.1.0/arm64-darwin21 -I/Users/Naotake627/.rbenv/versions/3.1.2/include/ruby-3.1.0/ruby/backward -I/Users/Naotake627/.rbenv/versions/3.1.2/include/ruby-3.1.0 -I. -I/opt/homebrew/Cellar/mysql/8.0.30/include/mysql -I/Users/Naotake627/.rbenv/versions/3.1.2/include  -D_XOPEN_SOURCE -D_DARWIN_C_SOURCE -D_DARWIN_UNLIMITED_SELECT -D_REENTRANT   -fdeclspec -O3 -fno-fast-math -ggdb3 -Wall -Wextra -Wdeprecated-declarations -Wdivision-by-zero -Wimplicit-function-declaration -Wimplicit-int -Wmisleading-indentation -Wpointer-arith -Wshorten-64-to-32 -Wwrite-strings -Wold-style-definition -Wmissing-noreturn -Wno-cast-function-type -Wno-constant-logical-operand -Wno-long-long -Wno-missing-field-initializers -Wno-overlength-strings -Wno-parentheses-equality -Wno-self-assign -Wno-tautological-compare -Wno-unused-parameter -Wno-unused-value -Wunused-variable -Wextra-tokens -Wundef  -fno-common -pipe -DFULL_SSL_MODE_SUPPORT conftest.c  -L. -L/Users/Naotake627/.rbenv/versions/3.1.2/lib -L. -L/Users/Naotake627/.rbenv/versions/3.1.2/lib  -fstack-protector-strong -L/usr/local/lib    -L/opt/homebrew/Cellar/mysql/8.0.30/lib -lmysqlclient -lz -L/opt/homebrew/lib -lzstd -L/opt/homebrew/opt/openssl@1.1/lib -lssl -lcrypto -lresolv  -lruby.3.1 -Werror -Weverything  "
error: include location '/usr/local/include' is unsafe for cross-compilation [-Werror,-Wpoison-system-directories]
In file included from conftest.c:1:
In file included from /Users/Naotake627/.rbenv/versions/3.1.2/include/ruby-3.1.0/ruby.h:38:
In file included from /Users/Naotake627/.rbenv/versions/3.1.2/include/ruby-3.1.0/ruby/ruby.h:26:
In file included from /Users/Naotake627/.rbenv/versions/3.1.2/include/ruby-3.1.0/ruby/internal/anyargs.h:76:
/Users/Naotake627/.rbenv/versions/3.1.2/include/ruby-3.1.0/ruby/internal/intern/class.h:289:60: error: a function declaration without a prototype is deprecated in all versions of C [-Werror,-Wstrict-prototypes]
void rb_define_method_id(VALUE klass, ID mid, VALUE (*func)(ANYARGS), int arity);
                                                           ^
                                                                   void
/Users/Naotake627/.rbenv/versions/3.1.2/include/ruby-3.1.0/ruby/internal/intern/class.h:327:76: error: a function declaration without a prototype is deprecated in all versions of C [-Werror,-Wstrict-prototypes]
void rb_define_protected_method(VALUE klass, const char *mid, VALUE (*func)(ANYARGS), int arity);
                                                                           ^
                                                                                   void
/Users/Naotake627/.rbenv/versions/3.1.2/include/ruby-3.1.0/ruby/internal/intern/class.h:340:74: error: a function declaration without a prototype is deprecated in all versions of C [-Werror,-Wstrict-prototypes]
void rb_define_private_method(VALUE klass, const char *mid, VALUE (*func)(ANYARGS), int arity);
                                                                         ^
                                                                                 void
/Users/Naotake627/.rbenv/versions/3.1.2/include/ruby-3.1.0/ruby/internal/intern/class.h:353:73: error: a function declaration without a prototype is deprecated in all versions of C [-Werror,-Wstrict-prototypes]
void rb_define_singleton_method(VALUE obj, const char *mid, VALUE(*func)(ANYARGS), int arity);
                                                                        ^
                                                                                void
In file included from conftest.c:1:
In file included from /Users/Naotake627/.rbenv/versions/3.1.2/include/ruby-3.1.0/ruby.h:38:
In file included from /Users/Naotake627/.rbenv/versions/3.1.2/include/ruby-3.1.0/ruby/ruby.h:26:
In file included from /Users/Naotake627/.rbenv/versions/3.1.2/include/ruby-3.1.0/ruby/internal/anyargs.h:77:
/Users/Naotake627/.rbenv/versions/3.1.2/include/ruby-3.1.0/ruby/internal/intern/vm.h:163:8: error: unknown command tag name [-Werror,-Wdocumentation-unknown-command]
 *     @foo = 5
       ^~~~
In file included from conftest.c:1:
In file included from /Users/Naotake627/.rbenv/versions/3.1.2/include/ruby-3.1.0/ruby.h:38:
In file included from /Users/Naotake627/.rbenv/versions/3.1.2/include/ruby-3.1.0/ruby/ruby.h:26:
In file included from /Users/Naotake627/.rbenv/versions/3.1.2/include/ruby-3.1.0/ruby/internal/anyargs.h:78:
/Users/Naotake627/.rbenv/versions/3.1.2/include/ruby-3.1.0/ruby/internal/method.h:99:66: error: a function declaration without a prototype is deprecated in all versions of C [-Werror,-Wstrict-prototypes]
void rb_define_method(VALUE klass, const char *mid, VALUE (*func)(ANYARGS), int arity);
                                                                 ^
                                                                         void
/Users/Naotake627/.rbenv/versions/3.1.2/include/ruby-3.1.0/ruby/internal/method.h:112:75: error: a function declaration without a prototype is deprecated in all versions of C [-Werror,-Wstrict-prototypes]
void rb_define_module_function(VALUE klass, const char *mid, VALUE (*func)(ANYARGS), int arity);
                                                                          ^
                                                                                  void
/Users/Naotake627/.rbenv/versions/3.1.2/include/ruby-3.1.0/ruby/internal/method.h:124:62: error: a function declaration without a prototype is deprecated in all versions of C [-Werror,-Wstrict-prototypes]
void rb_define_global_function(const char *mid, VALUE (*func)(ANYARGS), int arity);
                                                             ^
                                                                     void
In file included from conftest.c:1:
In file included from /Users/Naotake627/.rbenv/versions/3.1.2/include/ruby-3.1.0/ruby.h:38:
In file included from /Users/Naotake627/.rbenv/versions/3.1.2/include/ruby-3.1.0/ruby/ruby.h:26:
/Users/Naotake627/.rbenv/versions/3.1.2/include/ruby-3.1.0/ruby/internal/anyargs.h:270:1: error: a function declaration without a prototype is deprecated in all versions of C [-Werror,-Wstrict-prototypes]
RBIMPL_ANYARGS_DECL(rb_define_singleton_method, VALUE, const char *)
^
/Users/Naotake627/.rbenv/versions/3.1.2/include/ruby-3.1.0/ruby/internal/anyargs.h:251:73: note: expanded from macro 'RBIMPL_ANYARGS_DECL'
RBIMPL_ANYARGS_ATTRSET(sym) static void sym ## _m3(__VA_ARGS__, VALUE(*)(ANYARGS), int); \
                                                                        ^
/Users/Naotake627/.rbenv/versions/3.1.2/include/ruby-3.1.0/ruby/internal/anyargs.h:271:1: error: a function declaration without a prototype is deprecated in all versions of C [-Werror,-Wstrict-prototypes]
RBIMPL_ANYARGS_DECL(rb_define_protected_method, VALUE, const char *)
^
/Users/Naotake627/.rbenv/versions/3.1.2/include/ruby-3.1.0/ruby/internal/anyargs.h:251:73: note: expanded from macro 'RBIMPL_ANYARGS_DECL'
RBIMPL_ANYARGS_ATTRSET(sym) static void sym ## _m3(__VA_ARGS__, VALUE(*)(ANYARGS), int); \
                                                                        ^
/Users/Naotake627/.rbenv/versions/3.1.2/include/ruby-3.1.0/ruby/internal/anyargs.h:272:1: error: a function declaration without a prototype is deprecated in all versions of C [-Werror,-Wstrict-prototypes]
RBIMPL_ANYARGS_DECL(rb_define_private_method, VALUE, const char *)
^
/Users/Naotake627/.rbenv/versions/3.1.2/include/ruby-3.1.0/ruby/internal/anyargs.h:251:73: note: expanded from macro 'RBIMPL_ANYARGS_DECL'
RBIMPL_ANYARGS_ATTRSET(sym) static void sym ## _m3(__VA_ARGS__, VALUE(*)(ANYARGS), int); \
                                                                        ^
/Users/Naotake627/.rbenv/versions/3.1.2/include/ruby-3.1.0/ruby/internal/anyargs.h:273:1: error: a function declaration without a prototype is deprecated in all versions of C [-Werror,-Wstrict-prototypes]
RBIMPL_ANYARGS_DECL(rb_define_module_function, VALUE, const char *)
^
/Users/Naotake627/.rbenv/versions/3.1.2/include/ruby-3.1.0/ruby/internal/anyargs.h:251:73: note: expanded from macro 'RBIMPL_ANYARGS_DECL'
RBIMPL_ANYARGS_ATTRSET(sym) static void sym ## _m3(__VA_ARGS__, VALUE(*)(ANYARGS), int); \
                                                                        ^
/Users/Naotake627/.rbenv/versions/3.1.2/include/ruby-3.1.0/ruby/internal/anyargs.h:274:1: error: a function declaration without a prototype is deprecated in all versions of C [-Werror,-Wstrict-prototypes]
RBIMPL_ANYARGS_DECL(rb_define_global_function, const char *)
^
/Users/Naotake627/.rbenv/versions/3.1.2/include/ruby-3.1.0/ruby/internal/anyargs.h:251:73: note: expanded from macro 'RBIMPL_ANYARGS_DECL'
RBIMPL_ANYARGS_ATTRSET(sym) static void sym ## _m3(__VA_ARGS__, VALUE(*)(ANYARGS), int); \
                                                                        ^
/Users/Naotake627/.rbenv/versions/3.1.2/include/ruby-3.1.0/ruby/internal/anyargs.h:275:1: error: a function declaration without a prototype is deprecated in all versions of C [-Werror,-Wstrict-prototypes]
RBIMPL_ANYARGS_DECL(rb_define_method_id, VALUE, ID)
^
/Users/Naotake627/.rbenv/versions/3.1.2/include/ruby-3.1.0/ruby/internal/anyargs.h:251:73: note: expanded from macro 'RBIMPL_ANYARGS_DECL'
RBIMPL_ANYARGS_ATTRSET(sym) static void sym ## _m3(__VA_ARGS__, VALUE(*)(ANYARGS), int); \
                                                                        ^
/Users/Naotake627/.rbenv/versions/3.1.2/include/ruby-3.1.0/ruby/internal/anyargs.h:276:1: error: a function declaration without a prototype is deprecated in all versions of C [-Werror,-Wstrict-prototypes]
RBIMPL_ANYARGS_DECL(rb_define_method, VALUE, const char *)
^
/Users/Naotake627/.rbenv/versions/3.1.2/include/ruby-3.1.0/ruby/internal/anyargs.h:251:73: note: expanded from macro 'RBIMPL_ANYARGS_DECL'
RBIMPL_ANYARGS_ATTRSET(sym) static void sym ## _m3(__VA_ARGS__, VALUE(*)(ANYARGS), int); \
                                                                        ^
In file included from conftest.c:1:
In file included from /Users/Naotake627/.rbenv/versions/3.1.2/include/ruby-3.1.0/ruby.h:38:
In file included from /Users/Naotake627/.rbenv/versions/3.1.2/include/ruby-3.1.0/ruby/ruby.h:27:
In file included from /Users/Naotake627/.rbenv/versions/3.1.2/include/ruby-3.1.0/ruby/internal/arithmetic.h:23:
In file included from /Users/Naotake627/.rbenv/versions/3.1.2/include/ruby-3.1.0/ruby/internal/arithmetic/char.h:23:
In file included from /Users/Naotake627/.rbenv/versions/3.1.2/include/ruby-3.1.0/ruby/internal/arithmetic/int.h:26:
In file included from /Users/Naotake627/.rbenv/versions/3.1.2/include/ruby-3.1.0/ruby/internal/arithmetic/long.h:42:
/Users/Naotake627/.rbenv/versions/3.1.2/include/ruby-3.1.0/ruby/internal/special_consts.h:148:18: error: implicit conversion changes signedness: 'int' to 'unsigned long' [-Werror,-Wsign-conversion]
    return obj & ~RUBY_Qnil;
               ~ ^~~~~~~~~~
In file included from conftest.c:1:
In file included from /Users/Naotake627/.rbenv/versions/3.1.2/include/ruby-3.1.0/ruby.h:38:
In file included from /Users/Naotake627/.rbenv/versions/3.1.2/include/ruby-3.1.0/ruby/ruby.h:27:
In file included from /Users/Naotake627/.rbenv/versions/3.1.2/include/ruby-3.1.0/ruby/internal/arithmetic.h:23:
In file included from /Users/Naotake627/.rbenv/versions/3.1.2/include/ruby-3.1.0/ruby/internal/arithmetic/char.h:23:
In file included from /Users/Naotake627/.rbenv/versions/3.1.2/include/ruby-3.1.0/ruby/internal/arithmetic/int.h:26:
/Users/Naotake627/.rbenv/versions/3.1.2/include/ruby-3.1.0/ruby/internal/arithmetic/long.h:117:29: error: implicit conversion changes signedness: 'long' to 'unsigned long' [-Werror,-Wsign-conversion]
    const unsigned long j = i;
                        ~   ^
/Users/Naotake627/.rbenv/versions/3.1.2/include/ruby-3.1.0/ruby/internal/arithmetic/long.h:119:29: error: implicit conversion changes signedness: 'const unsigned long' to 'long' [-Werror,-Wsign-conversion]
    const long          l = k;
                        ~   ^
fatal error: too many errors emitted, stopping now [-ferror-limit=]
20 errors generated.
checked program was:
/* begin */
1: #include "ruby.h"
2: 
3: int main() {return 0;}
/* end */

DYLD_FALLBACK_LIBRARY_PATH=.:/Users/Naotake627/.rbenv/versions/3.1.2/lib "clang -o conftest -I/Users/Naotake627/.rbenv/versions/3.1.2/include/ruby-3.1.0/arm64-darwin21 -I/Users/Naotake627/.rbenv/versions/3.1.2/include/ruby-3.1.0/ruby/backward -I/Users/Naotake627/.rbenv/versions/3.1.2/include/ruby-3.1.0 -I. -I/opt/homebrew/Cellar/mysql/8.0.30/include/mysql -I/Users/Naotake627/.rbenv/versions/3.1.2/include  -D_XOPEN_SOURCE -D_DARWIN_C_SOURCE -D_DARWIN_UNLIMITED_SELECT -D_REENTRANT   -fdeclspec -O3 -fno-fast-math -ggdb3 -Wall -Wextra -Wdeprecated-declarations -Wdivision-by-zero -Wimplicit-function-declaration -Wimplicit-int -Wmisleading-indentation -Wpointer-arith -Wshorten-64-to-32 -Wwrite-strings -Wold-style-definition -Wmissing-noreturn -Wno-cast-function-type -Wno-constant-logical-operand -Wno-long-long -Wno-missing-field-initializers -Wno-overlength-strings -Wno-parentheses-equality -Wno-self-assign -Wno-tautological-compare -Wno-unused-parameter -Wno-unused-value -Wunused-variable -Wextra-tokens -Wundef  -fno-common -pipe -DFULL_SSL_MODE_SUPPORT conftest.c  -L. -L/Users/Naotake627/.rbenv/versions/3.1.2/lib -L. -L/Users/Naotake627/.rbenv/versions/3.1.2/lib  -fstack-protector-strong -L/usr/local/lib    -L/opt/homebrew/Cellar/mysql/8.0.30/lib -lmysqlclient -lz -L/opt/homebrew/lib -lzstd -L/opt/homebrew/opt/openssl@1.1/lib -lssl -lcrypto -lresolv  -lruby.3.1 -Werror -Wno-bad-function-cast  "
ld: warning: ignoring file /opt/homebrew/lib/libzstd.dylib, building for macOS-x86_64 but attempting to link with file built for macOS-arm64
ld: warning: ignoring file /Users/Naotake627/.rbenv/versions/3.1.2/lib/libruby.3.1.dylib, building for macOS-x86_64 but attempting to link with file built for macOS-arm64
ld: warning: ignoring file /opt/homebrew/lib/libcrypto.dylib, building for macOS-x86_64 but attempting to link with file built for macOS-arm64
ld: warning: ignoring file /opt/homebrew/Cellar/mysql/8.0.30/lib/libmysqlclient.dylib, building for macOS-x86_64 but attempting to link with file built for macOS-arm64
ld: warning: ignoring file /opt/homebrew/lib/libssl.dylib, building for macOS-x86_64 but attempting to link with file built for macOS-arm64
checked program was:
/* begin */
1: #include "ruby.h"
2: 
3: int main() {return 0;}
/* end */

DYLD_FALLBACK_LIBRARY_PATH=.:/Users/Naotake627/.rbenv/versions/3.1.2/lib "clang -o conftest -I/Users/Naotake627/.rbenv/versions/3.1.2/include/ruby-3.1.0/arm64-darwin21 -I/Users/Naotake627/.rbenv/versions/3.1.2/include/ruby-3.1.0/ruby/backward -I/Users/Naotake627/.rbenv/versions/3.1.2/include/ruby-3.1.0 -I. -I/opt/homebrew/Cellar/mysql/8.0.30/include/mysql -I/Users/Naotake627/.rbenv/versions/3.1.2/include  -D_XOPEN_SOURCE -D_DARWIN_C_SOURCE -D_DARWIN_UNLIMITED_SELECT -D_REENTRANT   -fdeclspec -O3 -fno-fast-math -ggdb3 -Wall -Wextra -Wdeprecated-declarations -Wdivision-by-zero -Wimplicit-function-declaration -Wimplicit-int -Wmisleading-indentation -Wpointer-arith -Wshorten-64-to-32 -Wwrite-strings -Wold-style-definition -Wmissing-noreturn -Wno-cast-function-type -Wno-constant-logical-operand -Wno-long-long -Wno-missing-field-initializers -Wno-overlength-strings -Wno-parentheses-equality -Wno-self-assign -Wno-tautological-compare -Wno-unused-parameter -Wno-unused-value -Wunused-variable -Wextra-tokens -Wundef  -fno-common -pipe -DFULL_SSL_MODE_SUPPORT conftest.c  -L. -L/Users/Naotake627/.rbenv/versions/3.1.2/lib -L. -L/Users/Naotake627/.rbenv/versions/3.1.2/lib  -fstack-protector-strong -L/usr/local/lib    -L/opt/homebrew/Cellar/mysql/8.0.30/lib -lmysqlclient -lz -L/opt/homebrew/lib -lzstd -L/opt/homebrew/opt/openssl@1.1/lib -lssl -lcrypto -lresolv  -lruby.3.1 -Werror -Wno-conditional-uninitialized  "
ld: warning: ignoring file /opt/homebrew/lib/libzstd.dylib, building for macOS-x86_64 but attempting to link with file built for macOS-arm64
ld: warning: ignoring file /opt/homebrew/lib/libcrypto.dylib, building for macOS-x86_64 but attempting to link with file built for macOS-arm64
ld: warning: ignoring file /Users/Naotake627/.rbenv/versions/3.1.2/lib/libruby.3.1.dylib, building for macOS-x86_64 but attempting to link with file built for macOS-arm64
ld: warning: ignoring file /opt/homebrew/lib/libssl.dylib, building for macOS-x86_64 but attempting to link with file built for macOS-arm64
ld: warning: ignoring file /opt/homebrew/Cellar/mysql/8.0.30/lib/libmysqlclient.dylib, building for macOS-x86_64 but attempting to link with file built for macOS-arm64
checked program was:
/* begin */
1: #include "ruby.h"
2: 
3: int main() {return 0;}
/* end */

DYLD_FALLBACK_LIBRARY_PATH=.:/Users/Naotake627/.rbenv/versions/3.1.2/lib "clang -o conftest -I/Users/Naotake627/.rbenv/versions/3.1.2/include/ruby-3.1.0/arm64-darwin21 -I/Users/Naotake627/.rbenv/versions/3.1.2/include/ruby-3.1.0/ruby/backward -I/Users/Naotake627/.rbenv/versions/3.1.2/include/ruby-3.1.0 -I. -I/opt/homebrew/Cellar/mysql/8.0.30/include/mysql -I/Users/Naotake627/.rbenv/versions/3.1.2/include  -D_XOPEN_SOURCE -D_DARWIN_C_SOURCE -D_DARWIN_UNLIMITED_SELECT -D_REENTRANT   -fdeclspec -O3 -fno-fast-math -ggdb3 -Wall -Wextra -Wdeprecated-declarations -Wdivision-by-zero -Wimplicit-function-declaration -Wimplicit-int -Wmisleading-indentation -Wpointer-arith -Wshorten-64-to-32 -Wwrite-strings -Wold-style-definition -Wmissing-noreturn -Wno-cast-function-type -Wno-constant-logical-operand -Wno-long-long -Wno-missing-field-initializers -Wno-overlength-strings -Wno-parentheses-equality -Wno-self-assign -Wno-tautological-compare -Wno-unused-parameter -Wno-unused-value -Wunused-variable -Wextra-tokens -Wundef  -fno-common -pipe -DFULL_SSL_MODE_SUPPORT conftest.c  -L. -L/Users/Naotake627/.rbenv/versions/3.1.2/lib -L. -L/Users/Naotake627/.rbenv/versions/3.1.2/lib  -fstack-protector-strong -L/usr/local/lib    -L/opt/homebrew/Cellar/mysql/8.0.30/lib -lmysqlclient -lz -L/opt/homebrew/lib -lzstd -L/opt/homebrew/opt/openssl@1.1/lib -lssl -lcrypto -lresolv  -lruby.3.1 -Werror -Wno-covered-switch-default  "
ld: warning: ignoring file /opt/homebrew/Cellar/mysql/8.0.30/lib/libmysqlclient.dylib, building for macOS-x86_64 but attempting to link with file built for macOS-arm64
ld: warning: ignoring file /Users/Naotake627/.rbenv/versions/3.1.2/lib/libruby.3.1.dylib, building for macOS-x86_64 but attempting to link with file built for macOS-arm64
ld: warning: ignoring file /opt/homebrew/lib/libzstd.dylib, building for macOS-x86_64 but attempting to link with file built for macOS-arm64
ld: warning: ignoring file /opt/homebrew/lib/libssl.dylib, building for macOS-x86_64 but attempting to link with file built for macOS-arm64
ld: warning: ignoring file /opt/homebrew/lib/libcrypto.dylib, building for macOS-x86_64 but attempting to link with file built for macOS-arm64
checked program was:
/* begin */
1: #include "ruby.h"
2: 
3: int main() {return 0;}
/* end */

DYLD_FALLBACK_LIBRARY_PATH=.:/Users/Naotake627/.rbenv/versions/3.1.2/lib "clang -o conftest -I/Users/Naotake627/.rbenv/versions/3.1.2/include/ruby-3.1.0/arm64-darwin21 -I/Users/Naotake627/.rbenv/versions/3.1.2/include/ruby-3.1.0/ruby/backward -I/Users/Naotake627/.rbenv/versions/3.1.2/include/ruby-3.1.0 -I. -I/opt/homebrew/Cellar/mysql/8.0.30/include/mysql -I/Users/Naotake627/.rbenv/versions/3.1.2/include  -D_XOPEN_SOURCE -D_DARWIN_C_SOURCE -D_DARWIN_UNLIMITED_SELECT -D_REENTRANT   -fdeclspec -O3 -fno-fast-math -ggdb3 -Wall -Wextra -Wdeprecated-declarations -Wdivision-by-zero -Wimplicit-function-declaration -Wimplicit-int -Wmisleading-indentation -Wpointer-arith -Wshorten-64-to-32 -Wwrite-strings -Wold-style-definition -Wmissing-noreturn -Wno-cast-function-type -Wno-constant-logical-operand -Wno-long-long -Wno-missing-field-initializers -Wno-overlength-strings -Wno-parentheses-equality -Wno-self-assign -Wno-tautological-compare -Wno-unused-parameter -Wno-unused-value -Wunused-variable -Wextra-tokens -Wundef  -fno-common -pipe -DFULL_SSL_MODE_SUPPORT conftest.c  -L. -L/Users/Naotake627/.rbenv/versions/3.1.2/lib -L. -L/Users/Naotake627/.rbenv/versions/3.1.2/lib  -fstack-protector-strong -L/usr/local/lib    -L/opt/homebrew/Cellar/mysql/8.0.30/lib -lmysqlclient -lz -L/opt/homebrew/lib -lzstd -L/opt/homebrew/opt/openssl@1.1/lib -lssl -lcrypto -lresolv  -lruby.3.1 -Werror -Wno-declaration-after-statement  "
ld: warning: ignoring file /opt/homebrew/lib/libssl.dylib, building for macOS-x86_64 but attempting to link with file built for macOS-arm64
ld: warning: ignoring file /opt/homebrew/Cellar/mysql/8.0.30/lib/libmysqlclient.dylib, building for macOS-x86_64 but attempting to link with file built for macOS-arm64
ld: warning: ignoring file /opt/homebrew/lib/libcrypto.dylib, building for macOS-x86_64 but attempting to link with file built for macOS-arm64
ld: warning: ignoring file /opt/homebrew/lib/libzstd.dylib, building for macOS-x86_64 but attempting to link with file built for macOS-arm64
ld: warning: ignoring file /Users/Naotake627/.rbenv/versions/3.1.2/lib/libruby.3.1.dylib, building for macOS-x86_64 but attempting to link with file built for macOS-arm64
checked program was:
/* begin */
1: #include "ruby.h"
2: 
3: int main() {return 0;}
/* end */

DYLD_FALLBACK_LIBRARY_PATH=.:/Users/Naotake627/.rbenv/versions/3.1.2/lib "clang -o conftest -I/Users/Naotake627/.rbenv/versions/3.1.2/include/ruby-3.1.0/arm64-darwin21 -I/Users/Naotake627/.rbenv/versions/3.1.2/include/ruby-3.1.0/ruby/backward -I/Users/Naotake627/.rbenv/versions/3.1.2/include/ruby-3.1.0 -I. -I/opt/homebrew/Cellar/mysql/8.0.30/include/mysql -I/Users/Naotake627/.rbenv/versions/3.1.2/include  -D_XOPEN_SOURCE -D_DARWIN_C_SOURCE -D_DARWIN_UNLIMITED_SELECT -D_REENTRANT   -fdeclspec -O3 -fno-fast-math -ggdb3 -Wall -Wextra -Wdeprecated-declarations -Wdivision-by-zero -Wimplicit-function-declaration -Wimplicit-int -Wmisleading-indentation -Wpointer-arith -Wshorten-64-to-32 -Wwrite-strings -Wold-style-definition -Wmissing-noreturn -Wno-cast-function-type -Wno-constant-logical-operand -Wno-long-long -Wno-missing-field-initializers -Wno-overlength-strings -Wno-parentheses-equality -Wno-self-assign -Wno-tautological-compare -Wno-unused-parameter -Wno-unused-value -Wunused-variable -Wextra-tokens -Wundef  -fno-common -pipe -DFULL_SSL_MODE_SUPPORT conftest.c  -L. -L/Users/Naotake627/.rbenv/versions/3.1.2/lib -L. -L/Users/Naotake627/.rbenv/versions/3.1.2/lib  -fstack-protector-strong -L/usr/local/lib    -L/opt/homebrew/Cellar/mysql/8.0.30/lib -lmysqlclient -lz -L/opt/homebrew/lib -lzstd -L/opt/homebrew/opt/openssl@1.1/lib -lssl -lcrypto -lresolv  -lruby.3.1 -Werror -Wno-disabled-macro-expansion  "
ld: warning: ignoring file /opt/homebrew/lib/libcrypto.dylib, building for macOS-x86_64 but attempting to link with file built for macOS-arm64
ld: warning: ignoring file /opt/homebrew/lib/libssl.dylib, building for macOS-x86_64 but attempting to link with file built for macOS-arm64
ld: warning: ignoring file /opt/homebrew/lib/libzstd.dylib, building for macOS-x86_64 but attempting to link with file built for macOS-arm64
ld: warning: ignoring file /Users/Naotake627/.rbenv/versions/3.1.2/lib/libruby.3.1.dylib, building for macOS-x86_64 but attempting to link with file built for macOS-arm64
ld: warning: ignoring file /opt/homebrew/Cellar/mysql/8.0.30/lib/libmysqlclient.dylib, building for macOS-x86_64 but attempting to link with file built for macOS-arm64
checked program was:
/* begin */
1: #include "ruby.h"
2: 
3: int main() {return 0;}
/* end */

DYLD_FALLBACK_LIBRARY_PATH=.:/Users/Naotake627/.rbenv/versions/3.1.2/lib "clang -o conftest -I/Users/Naotake627/.rbenv/versions/3.1.2/include/ruby-3.1.0/arm64-darwin21 -I/Users/Naotake627/.rbenv/versions/3.1.2/include/ruby-3.1.0/ruby/backward -I/Users/Naotake627/.rbenv/versions/3.1.2/include/ruby-3.1.0 -I. -I/opt/homebrew/Cellar/mysql/8.0.30/include/mysql -I/Users/Naotake627/.rbenv/versions/3.1.2/include  -D_XOPEN_SOURCE -D_DARWIN_C_SOURCE -D_DARWIN_UNLIMITED_SELECT -D_REENTRANT   -fdeclspec -O3 -fno-fast-math -ggdb3 -Wall -Wextra -Wdeprecated-declarations -Wdivision-by-zero -Wimplicit-function-declaration -Wimplicit-int -Wmisleading-indentation -Wpointer-arith -Wshorten-64-to-32 -Wwrite-strings -Wold-style-definition -Wmissing-noreturn -Wno-cast-function-type -Wno-constant-logical-operand -Wno-long-long -Wno-missing-field-initializers -Wno-overlength-strings -Wno-parentheses-equality -Wno-self-assign -Wno-tautological-compare -Wno-unused-parameter -Wno-unused-value -Wunused-variable -Wextra-tokens -Wundef  -fno-common -pipe -DFULL_SSL_MODE_SUPPORT conftest.c  -L. -L/Users/Naotake627/.rbenv/versions/3.1.2/lib -L. -L/Users/Naotake627/.rbenv/versions/3.1.2/lib  -fstack-protector-strong -L/usr/local/lib    -L/opt/homebrew/Cellar/mysql/8.0.30/lib -lmysqlclient -lz -L/opt/homebrew/lib -lzstd -L/opt/homebrew/opt/openssl@1.1/lib -lssl -lcrypto -lresolv  -lruby.3.1 -Werror -Wno-documentation-unknown-command  "
ld: warning: ignoring file /opt/homebrew/lib/libzstd.dylib, building for macOS-x86_64 but attempting to link with file built for macOS-arm64
ld: warning: ignoring file /opt/homebrew/lib/libcrypto.dylib, building for macOS-x86_64 but attempting to link with file built for macOS-arm64
ld: warning: ignoring file /Users/Naotake627/.rbenv/versions/3.1.2/lib/libruby.3.1.dylib, building for macOS-x86_64 but attempting to link with file built for macOS-arm64
ld: warning: ignoring file /opt/homebrew/lib/libssl.dylib, building for macOS-x86_64 but attempting to link with file built for macOS-arm64
ld: warning: ignoring file /opt/homebrew/Cellar/mysql/8.0.30/lib/libmysqlclient.dylib, building for macOS-x86_64 but attempting to link with file built for macOS-arm64
checked program was:
/* begin */
1: #include "ruby.h"
2: 
3: int main() {return 0;}
/* end */

DYLD_FALLBACK_LIBRARY_PATH=.:/Users/Naotake627/.rbenv/versions/3.1.2/lib "clang -o conftest -I/Users/Naotake627/.rbenv/versions/3.1.2/include/ruby-3.1.0/arm64-darwin21 -I/Users/Naotake627/.rbenv/versions/3.1.2/include/ruby-3.1.0/ruby/backward -I/Users/Naotake627/.rbenv/versions/3.1.2/include/ruby-3.1.0 -I. -I/opt/homebrew/Cellar/mysql/8.0.30/include/mysql -I/Users/Naotake627/.rbenv/versions/3.1.2/include  -D_XOPEN_SOURCE -D_DARWIN_C_SOURCE -D_DARWIN_UNLIMITED_SELECT -D_REENTRANT   -fdeclspec -O3 -fno-fast-math -ggdb3 -Wall -Wextra -Wdeprecated-declarations -Wdivision-by-zero -Wimplicit-function-declaration -Wimplicit-int -Wmisleading-indentation -Wpointer-arith -Wshorten-64-to-32 -Wwrite-strings -Wold-style-definition -Wmissing-noreturn -Wno-cast-function-type -Wno-constant-logical-operand -Wno-long-long -Wno-missing-field-initializers -Wno-overlength-strings -Wno-parentheses-equality -Wno-self-assign -Wno-tautological-compare -Wno-unused-parameter -Wno-unused-value -Wunused-variable -Wextra-tokens -Wundef  -fno-common -pipe -DFULL_SSL_MODE_SUPPORT conftest.c  -L. -L/Users/Naotake627/.rbenv/versions/3.1.2/lib -L. -L/Users/Naotake627/.rbenv/versions/3.1.2/lib  -fstack-protector-strong -L/usr/local/lib    -L/opt/homebrew/Cellar/mysql/8.0.30/lib -lmysqlclient -lz -L/opt/homebrew/lib -lzstd -L/opt/homebrew/opt/openssl@1.1/lib -lssl -lcrypto -lresolv  -lruby.3.1 -Werror -Wno-missing-field-initializers  "
ld: warning: ignoring file /opt/homebrew/Cellar/mysql/8.0.30/lib/libmysqlclient.dylib, building for macOS-x86_64 but attempting to link with file built for macOS-arm64
ld: warning: ignoring file /opt/homebrew/lib/libcrypto.dylib, building for macOS-x86_64 but attempting to link with file built for macOS-arm64
ld: warning: ignoring file /opt/homebrew/lib/libzstd.dylib, building for macOS-x86_64 but attempting to link with file built for macOS-arm64
ld: warning: ignoring file /opt/homebrew/lib/libssl.dylib, building for macOS-x86_64 but attempting to link with file built for macOS-arm64
ld: warning: ignoring file /Users/Naotake627/.rbenv/versions/3.1.2/lib/libruby.3.1.dylib, building for macOS-x86_64 but attempting to link with file built for macOS-arm64
checked program was:
/* begin */
1: #include "ruby.h"
2: 
3: int main() {return 0;}
/* end */

DYLD_FALLBACK_LIBRARY_PATH=.:/Users/Naotake627/.rbenv/versions/3.1.2/lib "clang -o conftest -I/Users/Naotake627/.rbenv/versions/3.1.2/include/ruby-3.1.0/arm64-darwin21 -I/Users/Naotake627/.rbenv/versions/3.1.2/include/ruby-3.1.0/ruby/backward -I/Users/Naotake627/.rbenv/versions/3.1.2/include/ruby-3.1.0 -I. -I/opt/homebrew/Cellar/mysql/8.0.30/include/mysql -I/Users/Naotake627/.rbenv/versions/3.1.2/include  -D_XOPEN_SOURCE -D_DARWIN_C_SOURCE -D_DARWIN_UNLIMITED_SELECT -D_REENTRANT   -fdeclspec -O3 -fno-fast-math -ggdb3 -Wall -Wextra -Wdeprecated-declarations -Wdivision-by-zero -Wimplicit-function-declaration -Wimplicit-int -Wmisleading-indentation -Wpointer-arith -Wshorten-64-to-32 -Wwrite-strings -Wold-style-definition -Wmissing-noreturn -Wno-cast-function-type -Wno-constant-logical-operand -Wno-long-long -Wno-missing-field-initializers -Wno-overlength-strings -Wno-parentheses-equality -Wno-self-assign -Wno-tautological-compare -Wno-unused-parameter -Wno-unused-value -Wunused-variable -Wextra-tokens -Wundef  -fno-common -pipe -DFULL_SSL_MODE_SUPPORT conftest.c  -L. -L/Users/Naotake627/.rbenv/versions/3.1.2/lib -L. -L/Users/Naotake627/.rbenv/versions/3.1.2/lib  -fstack-protector-strong -L/usr/local/lib    -L/opt/homebrew/Cellar/mysql/8.0.30/lib -lmysqlclient -lz -L/opt/homebrew/lib -lzstd -L/opt/homebrew/opt/openssl@1.1/lib -lssl -lcrypto -lresolv  -lruby.3.1 -Werror -Wno-missing-variable-declarations  "
ld: warning: ignoring file /opt/homebrew/lib/libzstd.dylib, building for macOS-x86_64 but attempting to link with file built for macOS-arm64
ld: warning: ignoring file /Users/Naotake627/.rbenv/versions/3.1.2/lib/libruby.3.1.dylib, building for macOS-x86_64 but attempting to link with file built for macOS-arm64
ld: warning: ignoring file /opt/homebrew/lib/libcrypto.dylib, building for macOS-x86_64 but attempting to link with file built for macOS-arm64
ld: warning: ignoring file /opt/homebrew/lib/libssl.dylib, building for macOS-x86_64 but attempting to link with file built for macOS-arm64
ld: warning: ignoring file /opt/homebrew/Cellar/mysql/8.0.30/lib/libmysqlclient.dylib, building for macOS-x86_64 but attempting to link with file built for macOS-arm64
checked program was:
/* begin */
1: #include "ruby.h"
2: 
3: int main() {return 0;}
/* end */

DYLD_FALLBACK_LIBRARY_PATH=.:/Users/Naotake627/.rbenv/versions/3.1.2/lib "clang -o conftest -I/Users/Naotake627/.rbenv/versions/3.1.2/include/ruby-3.1.0/arm64-darwin21 -I/Users/Naotake627/.rbenv/versions/3.1.2/include/ruby-3.1.0/ruby/backward -I/Users/Naotake627/.rbenv/versions/3.1.2/include/ruby-3.1.0 -I. -I/opt/homebrew/Cellar/mysql/8.0.30/include/mysql -I/Users/Naotake627/.rbenv/versions/3.1.2/include  -D_XOPEN_SOURCE -D_DARWIN_C_SOURCE -D_DARWIN_UNLIMITED_SELECT -D_REENTRANT   -fdeclspec -O3 -fno-fast-math -ggdb3 -Wall -Wextra -Wdeprecated-declarations -Wdivision-by-zero -Wimplicit-function-declaration -Wimplicit-int -Wmisleading-indentation -Wpointer-arith -Wshorten-64-to-32 -Wwrite-strings -Wold-style-definition -Wmissing-noreturn -Wno-cast-function-type -Wno-constant-logical-operand -Wno-long-long -Wno-missing-field-initializers -Wno-overlength-strings -Wno-parentheses-equality -Wno-self-assign -Wno-tautological-compare -Wno-unused-parameter -Wno-unused-value -Wunused-variable -Wextra-tokens -Wundef  -fno-common -pipe -DFULL_SSL_MODE_SUPPORT conftest.c  -L. -L/Users/Naotake627/.rbenv/versions/3.1.2/lib -L. -L/Users/Naotake627/.rbenv/versions/3.1.2/lib  -fstack-protector-strong -L/usr/local/lib    -L/opt/homebrew/Cellar/mysql/8.0.30/lib -lmysqlclient -lz -L/opt/homebrew/lib -lzstd -L/opt/homebrew/opt/openssl@1.1/lib -lssl -lcrypto -lresolv  -lruby.3.1 -Werror -Wno-padded  "
ld: warning: ignoring file /opt/homebrew/lib/libcrypto.dylib, building for macOS-x86_64 but attempting to link with file built for macOS-arm64
ld: warning: ignoring file /opt/homebrew/Cellar/mysql/8.0.30/lib/libmysqlclient.dylib, building for macOS-x86_64 but attempting to link with file built for macOS-arm64
ld: warning: ignoring file /Users/Naotake627/.rbenv/versions/3.1.2/lib/libruby.3.1.dylib, building for macOS-x86_64 but attempting to link with file built for macOS-arm64
ld: warning: ignoring file /opt/homebrew/lib/libzstd.dylib, building for macOS-x86_64 but attempting to link with file built for macOS-arm64
ld: warning: ignoring file /opt/homebrew/lib/libssl.dylib, building for macOS-x86_64 but attempting to link with file built for macOS-arm64
checked program was:
/* begin */
1: #include "ruby.h"
2: 
3: int main() {return 0;}
/* end */

DYLD_FALLBACK_LIBRARY_PATH=.:/Users/Naotake627/.rbenv/versions/3.1.2/lib "clang -o conftest -I/Users/Naotake627/.rbenv/versions/3.1.2/include/ruby-3.1.0/arm64-darwin21 -I/Users/Naotake627/.rbenv/versions/3.1.2/include/ruby-3.1.0/ruby/backward -I/Users/Naotake627/.rbenv/versions/3.1.2/include/ruby-3.1.0 -I. -I/opt/homebrew/Cellar/mysql/8.0.30/include/mysql -I/Users/Naotake627/.rbenv/versions/3.1.2/include  -D_XOPEN_SOURCE -D_DARWIN_C_SOURCE -D_DARWIN_UNLIMITED_SELECT -D_REENTRANT   -fdeclspec -O3 -fno-fast-math -ggdb3 -Wall -Wextra -Wdeprecated-declarations -Wdivision-by-zero -Wimplicit-function-declaration -Wimplicit-int -Wmisleading-indentation -Wpointer-arith -Wshorten-64-to-32 -Wwrite-strings -Wold-style-definition -Wmissing-noreturn -Wno-cast-function-type -Wno-constant-logical-operand -Wno-long-long -Wno-missing-field-initializers -Wno-overlength-strings -Wno-parentheses-equality -Wno-self-assign -Wno-tautological-compare -Wno-unused-parameter -Wno-unused-value -Wunused-variable -Wextra-tokens -Wundef  -fno-common -pipe -DFULL_SSL_MODE_SUPPORT conftest.c  -L. -L/Users/Naotake627/.rbenv/versions/3.1.2/lib -L. -L/Users/Naotake627/.rbenv/versions/3.1.2/lib  -fstack-protector-strong -L/usr/local/lib    -L/opt/homebrew/Cellar/mysql/8.0.30/lib -lmysqlclient -lz -L/opt/homebrew/lib -lzstd -L/opt/homebrew/opt/openssl@1.1/lib -lssl -lcrypto -lresolv  -lruby.3.1 -Werror -Wno-reserved-id-macro  "
ld: warning: ignoring file /opt/homebrew/lib/libzstd.dylib, building for macOS-x86_64 but attempting to link with file built for macOS-arm64
ld: warning: ignoring file /opt/homebrew/lib/libcrypto.dylib, building for macOS-x86_64 but attempting to link with file built for macOS-arm64
ld: warning: ignoring file /opt/homebrew/lib/libssl.dylib, building for macOS-x86_64 but attempting to link with file built for macOS-arm64
ld: warning: ignoring file /opt/homebrew/Cellar/mysql/8.0.30/lib/libmysqlclient.dylib, building for macOS-x86_64 but attempting to link with file built for macOS-arm64
ld: warning: ignoring file /Users/Naotake627/.rbenv/versions/3.1.2/lib/libruby.3.1.dylib, building for macOS-x86_64 but attempting to link with file built for macOS-arm64
checked program was:
/* begin */
1: #include "ruby.h"
2: 
3: int main() {return 0;}
/* end */

DYLD_FALLBACK_LIBRARY_PATH=.:/Users/Naotake627/.rbenv/versions/3.1.2/lib "clang -o conftest -I/Users/Naotake627/.rbenv/versions/3.1.2/include/ruby-3.1.0/arm64-darwin21 -I/Users/Naotake627/.rbenv/versions/3.1.2/include/ruby-3.1.0/ruby/backward -I/Users/Naotake627/.rbenv/versions/3.1.2/include/ruby-3.1.0 -I. -I/opt/homebrew/Cellar/mysql/8.0.30/include/mysql -I/Users/Naotake627/.rbenv/versions/3.1.2/include  -D_XOPEN_SOURCE -D_DARWIN_C_SOURCE -D_DARWIN_UNLIMITED_SELECT -D_REENTRANT   -fdeclspec -O3 -fno-fast-math -ggdb3 -Wall -Wextra -Wdeprecated-declarations -Wdivision-by-zero -Wimplicit-function-declaration -Wimplicit-int -Wmisleading-indentation -Wpointer-arith -Wshorten-64-to-32 -Wwrite-strings -Wold-style-definition -Wmissing-noreturn -Wno-cast-function-type -Wno-constant-logical-operand -Wno-long-long -Wno-missing-field-initializers -Wno-overlength-strings -Wno-parentheses-equality -Wno-self-assign -Wno-tautological-compare -Wno-unused-parameter -Wno-unused-value -Wunused-variable -Wextra-tokens -Wundef  -fno-common -pipe -DFULL_SSL_MODE_SUPPORT conftest.c  -L. -L/Users/Naotake627/.rbenv/versions/3.1.2/lib -L. -L/Users/Naotake627/.rbenv/versions/3.1.2/lib  -fstack-protector-strong -L/usr/local/lib    -L/opt/homebrew/Cellar/mysql/8.0.30/lib -lmysqlclient -lz -L/opt/homebrew/lib -lzstd -L/opt/homebrew/opt/openssl@1.1/lib -lssl -lcrypto -lresolv  -lruby.3.1 -Werror -Wno-sign-conversion  "
ld: warning: ignoring file /opt/homebrew/lib/libssl.dylib, building for macOS-x86_64 but attempting to link with file built for macOS-arm64
ld: warning: ignoring file /opt/homebrew/lib/libzstd.dylib, building for macOS-x86_64 but attempting to link with file built for macOS-arm64
ld: warning: ignoring file /opt/homebrew/Cellar/mysql/8.0.30/lib/libmysqlclient.dylib, building for macOS-x86_64 but attempting to link with file built for macOS-arm64
ld: warning: ignoring file /Users/Naotake627/.rbenv/versions/3.1.2/lib/libruby.3.1.dylib, building for macOS-x86_64 but attempting to link with file built for macOS-arm64
ld: warning: ignoring file /opt/homebrew/lib/libcrypto.dylib, building for macOS-x86_64 but attempting to link with file built for macOS-arm64
checked program was:
/* begin */
1: #include "ruby.h"
2: 
3: int main() {return 0;}
/* end */

DYLD_FALLBACK_LIBRARY_PATH=.:/Users/Naotake627/.rbenv/versions/3.1.2/lib "clang -o conftest -I/Users/Naotake627/.rbenv/versions/3.1.2/include/ruby-3.1.0/arm64-darwin21 -I/Users/Naotake627/.rbenv/versions/3.1.2/include/ruby-3.1.0/ruby/backward -I/Users/Naotake627/.rbenv/versions/3.1.2/include/ruby-3.1.0 -I. -I/opt/homebrew/Cellar/mysql/8.0.30/include/mysql -I/Users/Naotake627/.rbenv/versions/3.1.2/include  -D_XOPEN_SOURCE -D_DARWIN_C_SOURCE -D_DARWIN_UNLIMITED_SELECT -D_REENTRANT   -fdeclspec -O3 -fno-fast-math -ggdb3 -Wall -Wextra -Wdeprecated-declarations -Wdivision-by-zero -Wimplicit-function-declaration -Wimplicit-int -Wmisleading-indentation -Wpointer-arith -Wshorten-64-to-32 -Wwrite-strings -Wold-style-definition -Wmissing-noreturn -Wno-cast-function-type -Wno-constant-logical-operand -Wno-long-long -Wno-missing-field-initializers -Wno-overlength-strings -Wno-parentheses-equality -Wno-self-assign -Wno-tautological-compare -Wno-unused-parameter -Wno-unused-value -Wunused-variable -Wextra-tokens -Wundef  -fno-common -pipe -DFULL_SSL_MODE_SUPPORT conftest.c  -L. -L/Users/Naotake627/.rbenv/versions/3.1.2/lib -L. -L/Users/Naotake627/.rbenv/versions/3.1.2/lib  -fstack-protector-strong -L/usr/local/lib    -L/opt/homebrew/Cellar/mysql/8.0.30/lib -lmysqlclient -lz -L/opt/homebrew/lib -lzstd -L/opt/homebrew/opt/openssl@1.1/lib -lssl -lcrypto -lresolv  -lruby.3.1 -Werror -Wno-static-in-inline  "
ld: warning: ignoring file /opt/homebrew/lib/libssl.dylib, building for macOS-x86_64 but attempting to link with file built for macOS-arm64
ld: warning: ignoring file /opt/homebrew/Cellar/mysql/8.0.30/lib/libmysqlclient.dylib, building for macOS-x86_64 but attempting to link with file built for macOS-arm64
ld: warning: ignoring file /Users/Naotake627/.rbenv/versions/3.1.2/lib/libruby.3.1.dylib, building for macOS-x86_64 but attempting to link with file built for macOS-arm64
ld: warning: ignoring file /opt/homebrew/lib/libcrypto.dylib, building for macOS-x86_64 but attempting to link with file built for macOS-arm64
ld: warning: ignoring file /opt/homebrew/lib/libzstd.dylib, building for macOS-x86_64 but attempting to link with file built for macOS-arm64
checked program was:
/* begin */
1: #include "ruby.h"
2: 
3: int main() {return 0;}
/* end */

DYLD_FALLBACK_LIBRARY_PATH=.:/Users/Naotake627/.rbenv/versions/3.1.2/lib "clang -o conftest -I/Users/Naotake627/.rbenv/versions/3.1.2/include/ruby-3.1.0/arm64-darwin21 -I/Users/Naotake627/.rbenv/versions/3.1.2/include/ruby-3.1.0/ruby/backward -I/Users/Naotake627/.rbenv/versions/3.1.2/include/ruby-3.1.0 -I. -I/opt/homebrew/Cellar/mysql/8.0.30/include/mysql -I/Users/Naotake627/.rbenv/versions/3.1.2/include  -D_XOPEN_SOURCE -D_DARWIN_C_SOURCE -D_DARWIN_UNLIMITED_SELECT -D_REENTRANT   -fdeclspec -O3 -fno-fast-math -ggdb3 -Wall -Wextra -Wdeprecated-declarations -Wdivision-by-zero -Wimplicit-function-declaration -Wimplicit-int -Wmisleading-indentation -Wpointer-arith -Wshorten-64-to-32 -Wwrite-strings -Wold-style-definition -Wmissing-noreturn -Wno-cast-function-type -Wno-constant-logical-operand -Wno-long-long -Wno-missing-field-initializers -Wno-overlength-strings -Wno-parentheses-equality -Wno-self-assign -Wno-tautological-compare -Wno-unused-parameter -Wno-unused-value -Wunused-variable -Wextra-tokens -Wundef  -fno-common -pipe -DFULL_SSL_MODE_SUPPORT conftest.c  -L. -L/Users/Naotake627/.rbenv/versions/3.1.2/lib -L. -L/Users/Naotake627/.rbenv/versions/3.1.2/lib  -fstack-protector-strong -L/usr/local/lib    -L/opt/homebrew/Cellar/mysql/8.0.30/lib -lmysqlclient -lz -L/opt/homebrew/lib -lzstd -L/opt/homebrew/opt/openssl@1.1/lib -lssl -lcrypto -lresolv  -lruby.3.1 -Werror -Wno-switch-enum  "
ld: warning: ignoring file /opt/homebrew/lib/libcrypto.dylib, building for macOS-x86_64 but attempting to link with file built for macOS-arm64
ld: warning: ignoring file /opt/homebrew/Cellar/mysql/8.0.30/lib/libmysqlclient.dylib, building for macOS-x86_64 but attempting to link with file built for macOS-arm64
ld: warning: ignoring file /Users/Naotake627/.rbenv/versions/3.1.2/lib/libruby.3.1.dylib, building for macOS-x86_64 but attempting to link with file built for macOS-arm64
ld: warning: ignoring file /opt/homebrew/lib/libzstd.dylib, building for macOS-x86_64 but attempting to link with file built for macOS-arm64
ld: warning: ignoring file /opt/homebrew/lib/libssl.dylib, building for macOS-x86_64 but attempting to link with file built for macOS-arm64
checked program was:
/* begin */
1: #include "ruby.h"
2: 
3: int main() {return 0;}
/* end */

DYLD_FALLBACK_LIBRARY_PATH=.:/Users/Naotake627/.rbenv/versions/3.1.2/lib "clang -o conftest -I/Users/Naotake627/.rbenv/versions/3.1.2/include/ruby-3.1.0/arm64-darwin21 -I/Users/Naotake627/.rbenv/versions/3.1.2/include/ruby-3.1.0/ruby/backward -I/Users/Naotake627/.rbenv/versions/3.1.2/include/ruby-3.1.0 -I. -I/opt/homebrew/Cellar/mysql/8.0.30/include/mysql -I/Users/Naotake627/.rbenv/versions/3.1.2/include  -D_XOPEN_SOURCE -D_DARWIN_C_SOURCE -D_DARWIN_UNLIMITED_SELECT -D_REENTRANT   -fdeclspec -O3 -fno-fast-math -ggdb3 -Wall -Wextra -Wdeprecated-declarations -Wdivision-by-zero -Wimplicit-function-declaration -Wimplicit-int -Wmisleading-indentation -Wpointer-arith -Wshorten-64-to-32 -Wwrite-strings -Wold-style-definition -Wmissing-noreturn -Wno-cast-function-type -Wno-constant-logical-operand -Wno-long-long -Wno-missing-field-initializers -Wno-overlength-strings -Wno-parentheses-equality -Wno-self-assign -Wno-tautological-compare -Wno-unused-parameter -Wno-unused-value -Wunused-variable -Wextra-tokens -Wundef  -fno-common -pipe -DFULL_SSL_MODE_SUPPORT conftest.c  -L. -L/Users/Naotake627/.rbenv/versions/3.1.2/lib -L. -L/Users/Naotake627/.rbenv/versions/3.1.2/lib  -fstack-protector-strong -L/usr/local/lib    -L/opt/homebrew/Cellar/mysql/8.0.30/lib -lmysqlclient -lz -L/opt/homebrew/lib -lzstd -L/opt/homebrew/opt/openssl@1.1/lib -lssl -lcrypto -lresolv  -lruby.3.1 -Werror -Wno-undef  "
ld: warning: ignoring file /opt/homebrew/lib/libzstd.dylib, building for macOS-x86_64 but attempting to link with file built for macOS-arm64
ld: warning: ignoring file /opt/homebrew/Cellar/mysql/8.0.30/lib/libmysqlclient.dylib, building for macOS-x86_64 but attempting to link with file built for macOS-arm64
ld: warning: ignoring file /Users/Naotake627/.rbenv/versions/3.1.2/lib/libruby.3.1.dylib, building for macOS-x86_64 but attempting to link with file built for macOS-arm64
ld: warning: ignoring file /opt/homebrew/lib/libssl.dylib, building for macOS-x86_64 but attempting to link with file built for macOS-arm64
ld: warning: ignoring file /opt/homebrew/lib/libcrypto.dylib, building for macOS-x86_64 but attempting to link with file built for macOS-arm64
checked program was:
/* begin */
1: #include "ruby.h"
2: 
3: int main() {return 0;}
/* end */

DYLD_FALLBACK_LIBRARY_PATH=.:/Users/Naotake627/.rbenv/versions/3.1.2/lib "clang -o conftest -I/Users/Naotake627/.rbenv/versions/3.1.2/include/ruby-3.1.0/arm64-darwin21 -I/Users/Naotake627/.rbenv/versions/3.1.2/include/ruby-3.1.0/ruby/backward -I/Users/Naotake627/.rbenv/versions/3.1.2/include/ruby-3.1.0 -I. -I/opt/homebrew/Cellar/mysql/8.0.30/include/mysql -I/Users/Naotake627/.rbenv/versions/3.1.2/include  -D_XOPEN_SOURCE -D_DARWIN_C_SOURCE -D_DARWIN_UNLIMITED_SELECT -D_REENTRANT   -fdeclspec -O3 -fno-fast-math -ggdb3 -Wall -Wextra -Wdeprecated-declarations -Wdivision-by-zero -Wimplicit-function-declaration -Wimplicit-int -Wmisleading-indentation -Wpointer-arith -Wshorten-64-to-32 -Wwrite-strings -Wold-style-definition -Wmissing-noreturn -Wno-cast-function-type -Wno-constant-logical-operand -Wno-long-long -Wno-missing-field-initializers -Wno-overlength-strings -Wno-parentheses-equality -Wno-self-assign -Wno-tautological-compare -Wno-unused-parameter -Wno-unused-value -Wunused-variable -Wextra-tokens -Wundef  -fno-common -pipe -DFULL_SSL_MODE_SUPPORT conftest.c  -L. -L/Users/Naotake627/.rbenv/versions/3.1.2/lib -L. -L/Users/Naotake627/.rbenv/versions/3.1.2/lib  -fstack-protector-strong -L/usr/local/lib    -L/opt/homebrew/Cellar/mysql/8.0.30/lib -lmysqlclient -lz -L/opt/homebrew/lib -lzstd -L/opt/homebrew/opt/openssl@1.1/lib -lssl -lcrypto -lresolv  -lruby.3.1 -Werror -Wno-unreachable-code  "
ld: warning: ignoring file /opt/homebrew/lib/libssl.dylib, building for macOS-x86_64 but attempting to link with file built for macOS-arm64
ld: warning: ignoring file /opt/homebrew/lib/libcrypto.dylib, building for macOS-x86_64 but attempting to link with file built for macOS-arm64
ld: warning: ignoring file /opt/homebrew/Cellar/mysql/8.0.30/lib/libmysqlclient.dylib, building for macOS-x86_64 but attempting to link with file built for macOS-arm64
ld: warning: ignoring file /opt/homebrew/lib/libzstd.dylib, building for macOS-x86_64 but attempting to link with file built for macOS-arm64
ld: warning: ignoring file /Users/Naotake627/.rbenv/versions/3.1.2/lib/libruby.3.1.dylib, building for macOS-x86_64 but attempting to link with file built for macOS-arm64
checked program was:
/* begin */
1: #include "ruby.h"
2: 
3: int main() {return 0;}
/* end */

DYLD_FALLBACK_LIBRARY_PATH=.:/Users/Naotake627/.rbenv/versions/3.1.2/lib "clang -o conftest -I/Users/Naotake627/.rbenv/versions/3.1.2/include/ruby-3.1.0/arm64-darwin21 -I/Users/Naotake627/.rbenv/versions/3.1.2/include/ruby-3.1.0/ruby/backward -I/Users/Naotake627/.rbenv/versions/3.1.2/include/ruby-3.1.0 -I. -I/opt/homebrew/Cellar/mysql/8.0.30/include/mysql -I/Users/Naotake627/.rbenv/versions/3.1.2/include  -D_XOPEN_SOURCE -D_DARWIN_C_SOURCE -D_DARWIN_UNLIMITED_SELECT -D_REENTRANT   -fdeclspec -O3 -fno-fast-math -ggdb3 -Wall -Wextra -Wdeprecated-declarations -Wdivision-by-zero -Wimplicit-function-declaration -Wimplicit-int -Wmisleading-indentation -Wpointer-arith -Wshorten-64-to-32 -Wwrite-strings -Wold-style-definition -Wmissing-noreturn -Wno-cast-function-type -Wno-constant-logical-operand -Wno-long-long -Wno-missing-field-initializers -Wno-overlength-strings -Wno-parentheses-equality -Wno-self-assign -Wno-tautological-compare -Wno-unused-parameter -Wno-unused-value -Wunused-variable -Wextra-tokens -Wundef  -fno-common -pipe -DFULL_SSL_MODE_SUPPORT conftest.c  -L. -L/Users/Naotake627/.rbenv/versions/3.1.2/lib -L. -L/Users/Naotake627/.rbenv/versions/3.1.2/lib  -fstack-protector-strong -L/usr/local/lib    -L/opt/homebrew/Cellar/mysql/8.0.30/lib -lmysqlclient -lz -L/opt/homebrew/lib -lzstd -L/opt/homebrew/opt/openssl@1.1/lib -lssl -lcrypto -lresolv  -lruby.3.1 -Werror -Wno-used-but-marked-unused  "
ld: warning: ignoring file /opt/homebrew/lib/libssl.dylib, building for macOS-x86_64 but attempting to link with file built for macOS-arm64
ld: warning: ignoring file /Users/Naotake627/.rbenv/versions/3.1.2/lib/libruby.3.1.dylib, building for macOS-x86_64 but attempting to link with file built for macOS-arm64
ld: warning: ignoring file /opt/homebrew/lib/libzstd.dylib, building for macOS-x86_64 but attempting to link with file built for macOS-arm64
ld: warning: ignoring file /opt/homebrew/Cellar/mysql/8.0.30/lib/libmysqlclient.dylib, building for macOS-x86_64 but attempting to link with file built for macOS-arm64
ld: warning: ignoring file /opt/homebrew/lib/libcrypto.dylib, building for macOS-x86_64 but attempting to link with file built for macOS-arm64
checked program was:
/* begin */
1: #include "ruby.h"
2: 
3: int main() {return 0;}
/* end */

DYLD_FALLBACK_LIBRARY_PATH=.:/Users/Naotake627/.rbenv/versions/3.1.2/lib "clang -o conftest -I/Users/Naotake627/.rbenv/versions/3.1.2/include/ruby-3.1.0/arm64-darwin21 -I/Users/Naotake627/.rbenv/versions/3.1.2/include/ruby-3.1.0/ruby/backward -I/Users/Naotake627/.rbenv/versions/3.1.2/include/ruby-3.1.0 -I. -I/opt/homebrew/Cellar/mysql/8.0.30/include/mysql -I/Users/Naotake627/.rbenv/versions/3.1.2/include  -D_XOPEN_SOURCE -D_DARWIN_C_SOURCE -D_DARWIN_UNLIMITED_SELECT -D_REENTRANT   -fdeclspec -O3 -fno-fast-math -ggdb3 -Wall -Wextra -Wdeprecated-declarations -Wdivision-by-zero -Wimplicit-function-declaration -Wimplicit-int -Wmisleading-indentation -Wpointer-arith -Wshorten-64-to-32 -Wwrite-strings -Wold-style-definition -Wmissing-noreturn -Wno-cast-function-type -Wno-constant-logical-operand -Wno-long-long -Wno-missing-field-initializers -Wno-overlength-strings -Wno-parentheses-equality -Wno-self-assign -Wno-tautological-compare -Wno-unused-parameter -Wno-unused-value -Wunused-variable -Wextra-tokens -Wundef  -fno-common -pipe -DFULL_SSL_MODE_SUPPORT -Wno-bad-function-cast -Wno-conditional-uninitialized -Wno-covered-switch-default -Wno-declaration-after-statement -Wno-disabled-macro-expansion -Wno-documentation-unknown-command -Wno-missing-field-initializers -Wno-missing-variable-declarations -Wno-padded -Wno-reserved-id-macro -Wno-sign-conversion -Wno-static-in-inline -Wno-switch-enum -Wno-undef -Wno-unreachable-code -Wno-used-but-marked-unused conftest.c  -L. -L/Users/Naotake627/.rbenv/versions/3.1.2/lib -L. -L/Users/Naotake627/.rbenv/versions/3.1.2/lib  -fstack-protector-strong -L/usr/local/lib    -L/opt/homebrew/Cellar/mysql/8.0.30/lib -lmysqlclient -lz -L/opt/homebrew/lib -lzstd -L/opt/homebrew/opt/openssl@1.1/lib -lssl -lcrypto -lresolv  -lruby.3.1  -Wl,-rpath,/opt/homebrew/Cellar/mysql/8.0.30/lib  "
ld: warning: ignoring file /opt/homebrew/Cellar/mysql/8.0.30/lib/libmysqlclient.dylib, building for macOS-x86_64 but attempting to link with file built for macOS-arm64
ld: warning: ignoring file /opt/homebrew/lib/libssl.dylib, building for macOS-x86_64 but attempting to link with file built for macOS-arm64
ld: warning: ignoring file /Users/Naotake627/.rbenv/versions/3.1.2/lib/libruby.3.1.dylib, building for macOS-x86_64 but attempting to link with file built for macOS-arm64
ld: warning: ignoring file /opt/homebrew/lib/libzstd.dylib, building for macOS-x86_64 but attempting to link with file built for macOS-arm64
ld: warning: ignoring file /opt/homebrew/lib/libcrypto.dylib, building for macOS-x86_64 but attempting to link with file built for macOS-arm64
checked program was:
/* begin */
1: #include "ruby.h"
2: 
3: int main() {return 0;}
/* end */

