have_func: checking for rb_category_warn()... -------------------- no

DYLD_FALLBACK_LIBRARY_PATH=.:/Users/Naotake627/.rbenv/versions/3.1.2/lib "clang -o conftest -I/Users/Naotake627/.rbenv/versions/3.1.2/include/ruby-3.1.0/arm64-darwin21 -I/Users/Naotake627/.rbenv/versions/3.1.2/include/ruby-3.1.0/ruby/backward -I/Users/Naotake627/.rbenv/versions/3.1.2/include/ruby-3.1.0 -I. -I/Users/Naotake627/.rbenv/versions/3.1.2/include  -D_XOPEN_SOURCE -D_DARWIN_C_SOURCE -D_DARWIN_UNLIMITED_SELECT -D_REENTRANT   -fdeclspec -O3 -fno-fast-math -ggdb3 -Wall -Wextra -Wdeprecated-declarations -Wdivision-by-zero -Wimplicit-function-declaration -Wimplicit-int -Wmisleading-indentation -Wpointer-arith -Wshorten-64-to-32 -Wwrite-strings -Wold-style-definition -Wmissing-noreturn -Wno-cast-function-type -Wno-constant-logical-operand -Wno-long-long -Wno-missing-field-initializers -Wno-overlength-strings -Wno-parentheses-equality -Wno-self-assign -Wno-tautological-compare -Wno-unused-parameter -Wno-unused-value -Wunused-variable -Wextra-tokens -Wundef  -fno-common -pipe conftest.c  -L. -L/Users/Naotake627/.rbenv/versions/3.1.2/lib -L. -L/Users/Naotake627/.rbenv/versions/3.1.2/lib  -fstack-protector-strong -L/usr/local/lib     -lruby.3.1   "
ld: warning: ignoring file /Users/Naotake627/.rbenv/versions/3.1.2/lib/libruby.3.1.dylib, building for macOS-x86_64 but attempting to link with file built for macOS-arm64
checked program was:
/* begin */
1: #include "ruby.h"
2: 
3: int main(int argc, char **argv)
4: {
5:   return !!argv[argc];
6: }
/* end */

DYLD_FALLBACK_LIBRARY_PATH=.:/Users/Naotake627/.rbenv/versions/3.1.2/lib "clang -o conftest -I/Users/Naotake627/.rbenv/versions/3.1.2/include/ruby-3.1.0/arm64-darwin21 -I/Users/Naotake627/.rbenv/versions/3.1.2/include/ruby-3.1.0/ruby/backward -I/Users/Naotake627/.rbenv/versions/3.1.2/include/ruby-3.1.0 -I. -I/Users/Naotake627/.rbenv/versions/3.1.2/include  -D_XOPEN_SOURCE -D_DARWIN_C_SOURCE -D_DARWIN_UNLIMITED_SELECT -D_REENTRANT   -fdeclspec -O3 -fno-fast-math -ggdb3 -Wall -Wextra -Wdeprecated-declarations -Wdivision-by-zero -Wimplicit-function-declaration -Wimplicit-int -Wmisleading-indentation -Wpointer-arith -Wshorten-64-to-32 -Wwrite-strings -Wold-style-definition -Wmissing-noreturn -Wno-cast-function-type -Wno-constant-logical-operand -Wno-long-long -Wno-missing-field-initializers -Wno-overlength-strings -Wno-parentheses-equality -Wno-self-assign -Wno-tautological-compare -Wno-unused-parameter -Wno-unused-value -Wunused-variable -Wextra-tokens -Wundef  -fno-common -pipe conftest.c  -L. -L/Users/Naotake627/.rbenv/versions/3.1.2/lib -L. -L/Users/Naotake627/.rbenv/versions/3.1.2/lib  -fstack-protector-strong -L/usr/local/lib     -lruby.3.1   "
ld: warning: ignoring file /Users/Naotake627/.rbenv/versions/3.1.2/lib/libruby.3.1.dylib, building for macOS-x86_64 but attempting to link with file built for macOS-arm64
Undefined symbols for architecture x86_64:
  "_rb_category_warn", referenced from:
      _t in conftest-def985.o
ld: symbol(s) not found for architecture x86_64
clang: error: linker command failed with exit code 1 (use -v to see invocation)
checked program was:
/* begin */
 1: #include "ruby.h"
 2: 
 3: /*top*/
 4: extern int t(void);
 5: int main(int argc, char **argv)
 6: {
 7:   if (argc > 1000000) {
 8:     int (* volatile tp)(void)=(int (*)(void))&t;
 9:     printf("%d", (*tp)());
10:   }
11: 
12:   return !!argv[argc];
13: }
14: int t(void) { void ((*volatile p)()); p = (void ((*)()))rb_category_warn; return !p; }
/* end */

DYLD_FALLBACK_LIBRARY_PATH=.:/Users/Naotake627/.rbenv/versions/3.1.2/lib "clang -o conftest -I/Users/Naotake627/.rbenv/versions/3.1.2/include/ruby-3.1.0/arm64-darwin21 -I/Users/Naotake627/.rbenv/versions/3.1.2/include/ruby-3.1.0/ruby/backward -I/Users/Naotake627/.rbenv/versions/3.1.2/include/ruby-3.1.0 -I. -I/Users/Naotake627/.rbenv/versions/3.1.2/include  -D_XOPEN_SOURCE -D_DARWIN_C_SOURCE -D_DARWIN_UNLIMITED_SELECT -D_REENTRANT   -fdeclspec -O3 -fno-fast-math -ggdb3 -Wall -Wextra -Wdeprecated-declarations -Wdivision-by-zero -Wimplicit-function-declaration -Wimplicit-int -Wmisleading-indentation -Wpointer-arith -Wshorten-64-to-32 -Wwrite-strings -Wold-style-definition -Wmissing-noreturn -Wno-cast-function-type -Wno-constant-logical-operand -Wno-long-long -Wno-missing-field-initializers -Wno-overlength-strings -Wno-parentheses-equality -Wno-self-assign -Wno-tautological-compare -Wno-unused-parameter -Wno-unused-value -Wunused-variable -Wextra-tokens -Wundef  -fno-common -pipe conftest.c  -L. -L/Users/Naotake627/.rbenv/versions/3.1.2/lib -L. -L/Users/Naotake627/.rbenv/versions/3.1.2/lib  -fstack-protector-strong -L/usr/local/lib     -lruby.3.1   "
conftest.c:14:13: warning: a function declaration without a prototype is deprecated in all versions of C and is not supported in C2x [-Wdeprecated-non-prototype]
extern void rb_category_warn();
            ^
conftest.c:14:13: error: conflicting types for 'rb_category_warn'
/Users/Naotake627/.rbenv/versions/3.1.2/include/ruby-3.1.0/ruby/internal/error.h:552:6: note: previous declaration is here
void rb_category_warn(rb_warning_category_t cat, const char *fmt, ...);
     ^
conftest.c:15:32: error: too few arguments to function call, expected at least 2, have 0
int t(void) { rb_category_warn(); return 0; }
              ~~~~~~~~~~~~~~~~ ^
/Users/Naotake627/.rbenv/versions/3.1.2/include/ruby-3.1.0/ruby/internal/error.h:552:6: note: 'rb_category_warn' declared here
void rb_category_warn(rb_warning_category_t cat, const char *fmt, ...);
     ^
1 warning and 2 errors generated.
checked program was:
/* begin */
 1: #include "ruby.h"
 2: 
 3: /*top*/
 4: extern int t(void);
 5: int main(int argc, char **argv)
 6: {
 7:   if (argc > 1000000) {
 8:     int (* volatile tp)(void)=(int (*)(void))&t;
 9:     printf("%d", (*tp)());
10:   }
11: 
12:   return !!argv[argc];
13: }
14: extern void rb_category_warn();
15: int t(void) { rb_category_warn(); return 0; }
/* end */

--------------------

have_var: checking for timezone in time.h with  -Werror... -------------------- yes

DYLD_FALLBACK_LIBRARY_PATH=.:/Users/Naotake627/.rbenv/versions/3.1.2/lib "clang -I/Users/Naotake627/.rbenv/versions/3.1.2/include/ruby-3.1.0/arm64-darwin21 -I/Users/Naotake627/.rbenv/versions/3.1.2/include/ruby-3.1.0/ruby/backward -I/Users/Naotake627/.rbenv/versions/3.1.2/include/ruby-3.1.0 -I. -I/Users/Naotake627/.rbenv/versions/3.1.2/include  -D_XOPEN_SOURCE -D_DARWIN_C_SOURCE -D_DARWIN_UNLIMITED_SELECT -D_REENTRANT   -fdeclspec -O3 -fno-fast-math -ggdb3 -Wall -Wextra -Wdeprecated-declarations -Wdivision-by-zero -Wimplicit-function-declaration -Wimplicit-int -Wmisleading-indentation -Wpointer-arith -Wshorten-64-to-32 -Wwrite-strings -Wold-style-definition -Wmissing-noreturn -Wno-cast-function-type -Wno-constant-logical-operand -Wno-long-long -Wno-missing-field-initializers -Wno-overlength-strings -Wno-parentheses-equality -Wno-self-assign -Wno-tautological-compare -Wno-unused-parameter -Wno-unused-value -Wunused-variable -Wextra-tokens -Wundef  -fno-common -pipe   -Werror -c conftest.c"
checked program was:
/* begin */
 1: #include "ruby.h"
 2: 
 3: #include <time.h>
 4: 
 5: /*top*/
 6: extern int t(void);
 7: int main(int argc, char **argv)
 8: {
 9:   if (argc > 1000000) {
10:     int (* volatile tp)(void)=(int (*)(void))&t;
11:     printf("%d", (*tp)());
12:   }
13: 
14:   return !!argv[argc];
15: }
16: int t(void) { const volatile void *volatile p; p = &(&timezone)[0]; return !p; }
/* end */

--------------------

have_var: checking for altzone in time.h with  -Werror... -------------------- no

DYLD_FALLBACK_LIBRARY_PATH=.:/Users/Naotake627/.rbenv/versions/3.1.2/lib "clang -I/Users/Naotake627/.rbenv/versions/3.1.2/include/ruby-3.1.0/arm64-darwin21 -I/Users/Naotake627/.rbenv/versions/3.1.2/include/ruby-3.1.0/ruby/backward -I/Users/Naotake627/.rbenv/versions/3.1.2/include/ruby-3.1.0 -I. -I/Users/Naotake627/.rbenv/versions/3.1.2/include  -D_XOPEN_SOURCE -D_DARWIN_C_SOURCE -D_DARWIN_UNLIMITED_SELECT -D_REENTRANT   -fdeclspec -O3 -fno-fast-math -ggdb3 -Wall -Wextra -Wdeprecated-declarations -Wdivision-by-zero -Wimplicit-function-declaration -Wimplicit-int -Wmisleading-indentation -Wpointer-arith -Wshorten-64-to-32 -Wwrite-strings -Wold-style-definition -Wmissing-noreturn -Wno-cast-function-type -Wno-constant-logical-operand -Wno-long-long -Wno-missing-field-initializers -Wno-overlength-strings -Wno-parentheses-equality -Wno-self-assign -Wno-tautological-compare -Wno-unused-parameter -Wno-unused-value -Wunused-variable -Wextra-tokens -Wundef  -fno-common -pipe   -Werror -c conftest.c"
conftest.c:16:55: error: use of undeclared identifier 'altzone'
int t(void) { const volatile void *volatile p; p = &(&altzone)[0]; return !p; }
                                                      ^
1 error generated.
checked program was:
/* begin */
 1: #include "ruby.h"
 2: 
 3: #include <time.h>
 4: 
 5: /*top*/
 6: extern int t(void);
 7: int main(int argc, char **argv)
 8: {
 9:   if (argc > 1000000) {
10:     int (* volatile tp)(void)=(int (*)(void))&t;
11:     printf("%d", (*tp)());
12:   }
13: 
14:   return !!argv[argc];
15: }
16: int t(void) { const volatile void *volatile p; p = &(&altzone)[0]; return !p; }
/* end */

--------------------

